CRITICAL - 2021-08-02 21:10:24 --> date_format() expects parameter 1 to be DateTimeInterface, bool given
#0 [internal function]: CodeIgniter\Debug\Exceptions->errorHandler(2, 'date_format() e...', 'C:\\xampp\\htdocs...', 55, Array)
#1 C:\xampp\htdocs\Dymstudio\app\Views\Blog\index.php(55): date_format(false, 'd')
#2 C:\xampp\htdocs\Dymstudio\app\Views\Blog\index.php(151): fecha('Walter')
#3 C:\xampp\htdocs\Dymstudio\system\View\View.php(246): include('C:\\xampp\\htdocs...')
#4 C:\xampp\htdocs\Dymstudio\system\Common.php(1087): CodeIgniter\View\View->render('Blog/index', Array, true)
#5 C:\xampp\htdocs\Dymstudio\app\Controllers\Blog.php(41): view('Blog/index', Array)
#6 C:\xampp\htdocs\Dymstudio\system\CodeIgniter.php(914): App\Controllers\Blog->home()
#7 C:\xampp\htdocs\Dymstudio\system\CodeIgniter.php(400): CodeIgniter\CodeIgniter->runController(Object(App\Controllers\Blog))
#8 C:\xampp\htdocs\Dymstudio\system\CodeIgniter.php(308): CodeIgniter\CodeIgniter->handleRequest(NULL, Object(Config\Cache), false)
#9 C:\xampp\htdocs\Dymstudio\public\index.php(45): CodeIgniter\CodeIgniter->run()
#10 {main}
CRITICAL - 2021-08-02 21:14:00 --> date_format() expects parameter 1 to be DateTimeInterface, bool given
#0 [internal function]: CodeIgniter\Debug\Exceptions->errorHandler(2, 'date_format() e...', 'C:\\xampp\\htdocs...', 52, Array)
#1 C:\xampp\htdocs\Dymstudio\app\Views\Blog\index.php(52): date_format(false, 'Y/m/d')
#2 C:\xampp\htdocs\Dymstudio\app\Views\Blog\index.php(151): fecha('Walter')
#3 C:\xampp\htdocs\Dymstudio\system\View\View.php(246): include('C:\\xampp\\htdocs...')
#4 C:\xampp\htdocs\Dymstudio\system\Common.php(1087): CodeIgniter\View\View->render('Blog/index', Array, true)
#5 C:\xampp\htdocs\Dymstudio\app\Controllers\Blog.php(41): view('Blog/index', Array)
#6 C:\xampp\htdocs\Dymstudio\system\CodeIgniter.php(914): App\Controllers\Blog->home()
#7 C:\xampp\htdocs\Dymstudio\system\CodeIgniter.php(400): CodeIgniter\CodeIgniter->runController(Object(App\Controllers\Blog))
#8 C:\xampp\htdocs\Dymstudio\system\CodeIgniter.php(308): CodeIgniter\CodeIgniter->handleRequest(NULL, Object(Config\Cache), false)
#9 C:\xampp\htdocs\Dymstudio\public\index.php(45): CodeIgniter\CodeIgniter->run()
#10 {main}
CRITICAL - 2021-08-02 21:19:07 --> date_format() expects parameter 1 to be DateTimeInterface, string given
#0 [internal function]: CodeIgniter\Debug\Exceptions->errorHandler(2, 'date_format() e...', 'C:\\xampp\\htdocs...', 55, Array)
#1 C:\xampp\htdocs\Dymstudio\app\Views\Blog\index.php(55): date_format('2021-08-01 18:2...', 'd')
#2 C:\xampp\htdocs\Dymstudio\app\Views\Blog\index.php(148): fecha('2021-08-01 18:2...')
#3 C:\xampp\htdocs\Dymstudio\system\View\View.php(246): include('C:\\xampp\\htdocs...')
#4 C:\xampp\htdocs\Dymstudio\system\Common.php(1087): CodeIgniter\View\View->render('Blog/index', Array, true)
#5 C:\xampp\htdocs\Dymstudio\app\Controllers\Blog.php(42): view('Blog/index', Array)
#6 C:\xampp\htdocs\Dymstudio\system\CodeIgniter.php(914): App\Controllers\Blog->home()
#7 C:\xampp\htdocs\Dymstudio\system\CodeIgniter.php(400): CodeIgniter\CodeIgniter->runController(Object(App\Controllers\Blog))
#8 C:\xampp\htdocs\Dymstudio\system\CodeIgniter.php(308): CodeIgniter\CodeIgniter->handleRequest(NULL, Object(Config\Cache), false)
#9 C:\xampp\htdocs\Dymstudio\public\index.php(45): CodeIgniter\CodeIgniter->run()
#10 {main}
CRITICAL - 2021-08-02 21:19:56 --> DateTime::__construct(): Failed to parse time string (Walter) at position 0 (W): The timezone could not be found in the database
#0 C:\xampp\htdocs\Dymstudio\app\Views\Blog\index.php(50): DateTime->__construct('Walter')
#1 C:\xampp\htdocs\Dymstudio\app\Views\Blog\index.php(152): fecha('Walter')
#2 C:\xampp\htdocs\Dymstudio\system\View\View.php(246): include('C:\\xampp\\htdocs...')
#3 C:\xampp\htdocs\Dymstudio\system\Common.php(1087): CodeIgniter\View\View->render('Blog/index', Array, true)
#4 C:\xampp\htdocs\Dymstudio\app\Controllers\Blog.php(42): view('Blog/index', Array)
#5 C:\xampp\htdocs\Dymstudio\system\CodeIgniter.php(914): App\Controllers\Blog->home()
#6 C:\xampp\htdocs\Dymstudio\system\CodeIgniter.php(400): CodeIgniter\CodeIgniter->runController(Object(App\Controllers\Blog))
#7 C:\xampp\htdocs\Dymstudio\system\CodeIgniter.php(308): CodeIgniter\CodeIgniter->handleRequest(NULL, Object(Config\Cache), false)
#8 C:\xampp\htdocs\Dymstudio\public\index.php(45): CodeIgniter\CodeIgniter->run()
#9 {main}
CRITICAL - 2021-08-02 21:21:16 --> DateTime::__construct(): Failed to parse time string (Walter) at position 0 (W): The timezone could not be found in the database
#0 C:\xampp\htdocs\Dymstudio\app\Views\Blog\index.php(50): DateTime->__construct('Walter')
#1 C:\xampp\htdocs\Dymstudio\app\Views\Blog\index.php(152): fecha('Walter')
#2 C:\xampp\htdocs\Dymstudio\system\View\View.php(246): include('C:\\xampp\\htdocs...')
#3 C:\xampp\htdocs\Dymstudio\system\Common.php(1087): CodeIgniter\View\View->render('Blog/index', Array, true)
#4 C:\xampp\htdocs\Dymstudio\app\Controllers\Blog.php(42): view('Blog/index', Array)
#5 C:\xampp\htdocs\Dymstudio\system\CodeIgniter.php(914): App\Controllers\Blog->home()
#6 C:\xampp\htdocs\Dymstudio\system\CodeIgniter.php(400): CodeIgniter\CodeIgniter->runController(Object(App\Controllers\Blog))
#7 C:\xampp\htdocs\Dymstudio\system\CodeIgniter.php(308): CodeIgniter\CodeIgniter->handleRequest(NULL, Object(Config\Cache), false)
#8 C:\xampp\htdocs\Dymstudio\public\index.php(45): CodeIgniter\CodeIgniter->run()
#9 {main}
CRITICAL - 2021-08-02 21:21:36 --> Call to undefined function fecha()
#0 C:\xampp\htdocs\Dymstudio\system\View\View.php(246): include()
#1 C:\xampp\htdocs\Dymstudio\system\Common.php(1087): CodeIgniter\View\View->render('Blog/index', Array, true)
#2 C:\xampp\htdocs\Dymstudio\app\Controllers\Blog.php(42): view('Blog/index', Array)
#3 C:\xampp\htdocs\Dymstudio\system\CodeIgniter.php(914): App\Controllers\Blog->home()
#4 C:\xampp\htdocs\Dymstudio\system\CodeIgniter.php(400): CodeIgniter\CodeIgniter->runController(Object(App\Controllers\Blog))
#5 C:\xampp\htdocs\Dymstudio\system\CodeIgniter.php(308): CodeIgniter\CodeIgniter->handleRequest(NULL, Object(Config\Cache), false)
#6 C:\xampp\htdocs\Dymstudio\public\index.php(45): CodeIgniter\CodeIgniter->run()
#7 {main}
CRITICAL - 2021-08-02 21:22:27 --> Invalid argument supplied for foreach()
#0 C:\xampp\htdocs\Dymstudio\app\Views\Blog\index.php(155): CodeIgniter\Debug\Exceptions->errorHandler(2, 'Invalid argumen...', 'C:\\xampp\\htdocs...', 155, Array)
#1 C:\xampp\htdocs\Dymstudio\system\View\View.php(246): include('C:\\xampp\\htdocs...')
#2 C:\xampp\htdocs\Dymstudio\system\Common.php(1087): CodeIgniter\View\View->render('Blog/index', Array, true)
#3 C:\xampp\htdocs\Dymstudio\app\Controllers\Blog.php(42): view('Blog/index', Array)
#4 C:\xampp\htdocs\Dymstudio\system\CodeIgniter.php(914): App\Controllers\Blog->home()
#5 C:\xampp\htdocs\Dymstudio\system\CodeIgniter.php(400): CodeIgniter\CodeIgniter->runController(Object(App\Controllers\Blog))
#6 C:\xampp\htdocs\Dymstudio\system\CodeIgniter.php(308): CodeIgniter\CodeIgniter->handleRequest(NULL, Object(Config\Cache), false)
#7 C:\xampp\htdocs\Dymstudio\public\index.php(45): CodeIgniter\CodeIgniter->run()
#8 {main}
