CRITICAL - 2021-02-21 09:02:46 --> Call to undefined function App\Controllers\random_password()
#0 C:\xampp\htdocs\Dymstudio\system\CodeIgniter.php(914): App\Controllers\Users->postforgot()
#1 C:\xampp\htdocs\Dymstudio\system\CodeIgniter.php(400): CodeIgniter\CodeIgniter->runController(Object(App\Controllers\Users))
#2 C:\xampp\htdocs\Dymstudio\system\CodeIgniter.php(308): CodeIgniter\CodeIgniter->handleRequest(NULL, Object(Config\Cache), false)
#3 C:\xampp\htdocs\Dymstudio\public\index.php(45): CodeIgniter\CodeIgniter->run()
#4 {main}
CRITICAL - 2021-02-21 09:03:19 --> Call to undefined function App\Controllers\random_password()
#0 C:\xampp\htdocs\Dymstudio\system\CodeIgniter.php(914): App\Controllers\Users->postforgot()
#1 C:\xampp\htdocs\Dymstudio\system\CodeIgniter.php(400): CodeIgniter\CodeIgniter->runController(Object(App\Controllers\Users))
#2 C:\xampp\htdocs\Dymstudio\system\CodeIgniter.php(308): CodeIgniter\CodeIgniter->handleRequest(NULL, Object(Config\Cache), false)
#3 C:\xampp\htdocs\Dymstudio\public\index.php(45): CodeIgniter\CodeIgniter->run()
#4 {main}
CRITICAL - 2021-02-21 09:03:28 --> Call to undefined function App\Controllers\random_password()
#0 C:\xampp\htdocs\Dymstudio\system\CodeIgniter.php(914): App\Controllers\Users->postforgot()
#1 C:\xampp\htdocs\Dymstudio\system\CodeIgniter.php(400): CodeIgniter\CodeIgniter->runController(Object(App\Controllers\Users))
#2 C:\xampp\htdocs\Dymstudio\system\CodeIgniter.php(308): CodeIgniter\CodeIgniter->handleRequest(NULL, Object(Config\Cache), false)
#3 C:\xampp\htdocs\Dymstudio\public\index.php(45): CodeIgniter\CodeIgniter->run()
#4 {main}
CRITICAL - 2021-02-21 09:05:21 --> Undefined variable: message
#0 C:\xampp\htdocs\Dymstudio\app\Controllers\Users.php(327): CodeIgniter\Debug\Exceptions->errorHandler(8, 'Undefined varia...', 'C:\\xampp\\htdocs...', 327, Array)
#1 C:\xampp\htdocs\Dymstudio\system\CodeIgniter.php(914): App\Controllers\Users->postforgot()
#2 C:\xampp\htdocs\Dymstudio\system\CodeIgniter.php(400): CodeIgniter\CodeIgniter->runController(Object(App\Controllers\Users))
#3 C:\xampp\htdocs\Dymstudio\system\CodeIgniter.php(308): CodeIgniter\CodeIgniter->handleRequest(NULL, Object(Config\Cache), false)
#4 C:\xampp\htdocs\Dymstudio\public\index.php(45): CodeIgniter\CodeIgniter->run()
#5 {main}
CRITICAL - 2021-02-21 09:07:32 --> mail(): Failed to connect to mailserver at &quot;localhost&quot; port 25, verify your &quot;SMTP&quot; and &quot;smtp_port&quot; setting in php.ini or use ini_set()
#0 [internal function]: CodeIgniter\Debug\Exceptions->errorHandler(2, 'mail(): Failed ...', 'C:\\xampp\\htdocs...', 345, Array)
#1 C:\xampp\htdocs\Dymstudio\app\Controllers\Users.php(345): mail('walter123asg@gm...', 'Correo Recupere...', 'Correo de: dyms...', 'From: dymstudio...')
#2 C:\xampp\htdocs\Dymstudio\system\CodeIgniter.php(914): App\Controllers\Users->postforgot()
#3 C:\xampp\htdocs\Dymstudio\system\CodeIgniter.php(400): CodeIgniter\CodeIgniter->runController(Object(App\Controllers\Users))
#4 C:\xampp\htdocs\Dymstudio\system\CodeIgniter.php(308): CodeIgniter\CodeIgniter->handleRequest(NULL, Object(Config\Cache), false)
#5 C:\xampp\htdocs\Dymstudio\public\index.php(45): CodeIgniter\CodeIgniter->run()
#6 {main}
CRITICAL - 2021-02-21 09:16:31 --> mail(): Failed to connect to mailserver at &quot;localhost&quot; port 25, verify your &quot;SMTP&quot; and &quot;smtp_port&quot; setting in php.ini or use ini_set()
#0 [internal function]: CodeIgniter\Debug\Exceptions->errorHandler(2, 'mail(): Failed ...', 'C:\\xampp\\htdocs...', 345, Array)
#1 C:\xampp\htdocs\Dymstudio\app\Controllers\Users.php(345): mail('walter123asg@gm...', 'Correo Recupere...', 'Correo de: dyms...', 'From: dymstudio...')
#2 C:\xampp\htdocs\Dymstudio\system\CodeIgniter.php(914): App\Controllers\Users->postforgot()
#3 C:\xampp\htdocs\Dymstudio\system\CodeIgniter.php(400): CodeIgniter\CodeIgniter->runController(Object(App\Controllers\Users))
#4 C:\xampp\htdocs\Dymstudio\system\CodeIgniter.php(308): CodeIgniter\CodeIgniter->handleRequest(NULL, Object(Config\Cache), false)
#5 C:\xampp\htdocs\Dymstudio\public\index.php(45): CodeIgniter\CodeIgniter->run()
#6 {main}
CRITICAL - 2021-02-21 09:17:02 --> mail(): SMTP server response: 530 5.7.0 Must issue a STARTTLS command first. v135sm10462433qka.98 - gsmtp
#0 [internal function]: CodeIgniter\Debug\Exceptions->errorHandler(2, 'mail(): SMTP se...', 'C:\\xampp\\htdocs...', 345, Array)
#1 C:\xampp\htdocs\Dymstudio\app\Controllers\Users.php(345): mail('walter123asg@gm...', 'Correo Recupere...', 'Correo de: dyms...', 'From: dymstudio...')
#2 C:\xampp\htdocs\Dymstudio\system\CodeIgniter.php(914): App\Controllers\Users->postforgot()
#3 C:\xampp\htdocs\Dymstudio\system\CodeIgniter.php(400): CodeIgniter\CodeIgniter->runController(Object(App\Controllers\Users))
#4 C:\xampp\htdocs\Dymstudio\system\CodeIgniter.php(308): CodeIgniter\CodeIgniter->handleRequest(NULL, Object(Config\Cache), false)
#5 C:\xampp\htdocs\Dymstudio\public\index.php(45): CodeIgniter\CodeIgniter->run()
#6 {main}
CRITICAL - 2021-02-21 11:48:44 --> Undefined variable: id
#0 C:\xampp\htdocs\Dymstudio\app\Views\Admin\mantenimientos\clientes.php(51): CodeIgniter\Debug\Exceptions->errorHandler(8, 'Undefined varia...', 'C:\\xampp\\htdocs...', 51, Array)
#1 C:\xampp\htdocs\Dymstudio\system\View\View.php(246): include('C:\\xampp\\htdocs...')
#2 C:\xampp\htdocs\Dymstudio\system\Common.php(1087): CodeIgniter\View\View->render('Admin/mantenimi...', Array, true)
#3 C:\xampp\htdocs\Dymstudio\app\Controllers\Manten.php(20): view('Admin/mantenimi...', Array)
#4 C:\xampp\htdocs\Dymstudio\app\Controllers\Manten.php(115): App\Controllers\Manten->loadViews('mantenimientos/...', Array)
#5 C:\xampp\htdocs\Dymstudio\system\CodeIgniter.php(914): App\Controllers\Manten->clientes()
#6 C:\xampp\htdocs\Dymstudio\system\CodeIgniter.php(400): CodeIgniter\CodeIgniter->runController(Object(App\Controllers\Manten))
#7 C:\xampp\htdocs\Dymstudio\system\CodeIgniter.php(308): CodeIgniter\CodeIgniter->handleRequest(NULL, Object(Config\Cache), false)
#8 C:\xampp\htdocs\Dymstudio\public\index.php(45): CodeIgniter\CodeIgniter->run()
#9 {main}
CRITICAL - 2021-02-21 12:04:41 --> Too few arguments to function App\Controllers\Manten::clientesedit(), 0 passed in C:\xampp\htdocs\Dymstudio\system\CodeIgniter.php on line 914 and exactly 1 expected
#0 C:\xampp\htdocs\Dymstudio\system\CodeIgniter.php(914): App\Controllers\Manten->clientesedit()
#1 C:\xampp\htdocs\Dymstudio\system\CodeIgniter.php(400): CodeIgniter\CodeIgniter->runController(Object(App\Controllers\Manten))
#2 C:\xampp\htdocs\Dymstudio\system\CodeIgniter.php(308): CodeIgniter\CodeIgniter->handleRequest(NULL, Object(Config\Cache), false)
#3 C:\xampp\htdocs\Dymstudio\public\index.php(45): CodeIgniter\CodeIgniter->run()
#4 {main}
CRITICAL - 2021-02-21 12:07:00 --> Use of undefined constant flase - assumed 'flase' (this will throw an Error in a future version of PHP)
#0 C:\xampp\htdocs\Dymstudio\app\Controllers\Manten.php(119): CodeIgniter\Debug\Exceptions->errorHandler(2, 'Use of undefine...', 'C:\\xampp\\htdocs...', 119, Array)
#1 C:\xampp\htdocs\Dymstudio\system\CodeIgniter.php(914): App\Controllers\Manten->clientesedit()
#2 C:\xampp\htdocs\Dymstudio\system\CodeIgniter.php(400): CodeIgniter\CodeIgniter->runController(Object(App\Controllers\Manten))
#3 C:\xampp\htdocs\Dymstudio\system\CodeIgniter.php(308): CodeIgniter\CodeIgniter->handleRequest(NULL, Object(Config\Cache), false)
#4 C:\xampp\htdocs\Dymstudio\public\index.php(45): CodeIgniter\CodeIgniter->run()
#5 {main}
CRITICAL - 2021-02-21 12:07:09 --> Use of undefined constant flase - assumed 'flase' (this will throw an Error in a future version of PHP)
#0 C:\xampp\htdocs\Dymstudio\app\Controllers\Manten.php(119): CodeIgniter\Debug\Exceptions->errorHandler(2, 'Use of undefine...', 'C:\\xampp\\htdocs...', 119, Array)
#1 C:\xampp\htdocs\Dymstudio\system\CodeIgniter.php(914): App\Controllers\Manten->clientesedit()
#2 C:\xampp\htdocs\Dymstudio\system\CodeIgniter.php(400): CodeIgniter\CodeIgniter->runController(Object(App\Controllers\Manten))
#3 C:\xampp\htdocs\Dymstudio\system\CodeIgniter.php(308): CodeIgniter\CodeIgniter->handleRequest(NULL, Object(Config\Cache), false)
#4 C:\xampp\htdocs\Dymstudio\public\index.php(45): CodeIgniter\CodeIgniter->run()
#5 {main}
CRITICAL - 2021-02-21 12:07:14 --> Use of undefined constant flase - assumed 'flase' (this will throw an Error in a future version of PHP)
#0 C:\xampp\htdocs\Dymstudio\app\Controllers\Manten.php(119): CodeIgniter\Debug\Exceptions->errorHandler(2, 'Use of undefine...', 'C:\\xampp\\htdocs...', 119, Array)
#1 C:\xampp\htdocs\Dymstudio\system\CodeIgniter.php(914): App\Controllers\Manten->clientesedit()
#2 C:\xampp\htdocs\Dymstudio\system\CodeIgniter.php(400): CodeIgniter\CodeIgniter->runController(Object(App\Controllers\Manten))
#3 C:\xampp\htdocs\Dymstudio\system\CodeIgniter.php(308): CodeIgniter\CodeIgniter->handleRequest(NULL, Object(Config\Cache), false)
#4 C:\xampp\htdocs\Dymstudio\public\index.php(45): CodeIgniter\CodeIgniter->run()
#5 {main}
CRITICAL - 2021-02-21 12:07:18 --> Use of undefined constant flase - assumed 'flase' (this will throw an Error in a future version of PHP)
#0 C:\xampp\htdocs\Dymstudio\app\Controllers\Manten.php(119): CodeIgniter\Debug\Exceptions->errorHandler(2, 'Use of undefine...', 'C:\\xampp\\htdocs...', 119, Array)
#1 C:\xampp\htdocs\Dymstudio\system\CodeIgniter.php(914): App\Controllers\Manten->clientesedit()
#2 C:\xampp\htdocs\Dymstudio\system\CodeIgniter.php(400): CodeIgniter\CodeIgniter->runController(Object(App\Controllers\Manten))
#3 C:\xampp\htdocs\Dymstudio\system\CodeIgniter.php(308): CodeIgniter\CodeIgniter->handleRequest(NULL, Object(Config\Cache), false)
#4 C:\xampp\htdocs\Dymstudio\public\index.php(45): CodeIgniter\CodeIgniter->run()
#5 {main}
CRITICAL - 2021-02-21 12:07:26 --> Use of undefined constant flase - assumed 'flase' (this will throw an Error in a future version of PHP)
#0 C:\xampp\htdocs\Dymstudio\app\Controllers\Manten.php(119): CodeIgniter\Debug\Exceptions->errorHandler(2, 'Use of undefine...', 'C:\\xampp\\htdocs...', 119, Array)
#1 C:\xampp\htdocs\Dymstudio\system\CodeIgniter.php(914): App\Controllers\Manten->clientesedit()
#2 C:\xampp\htdocs\Dymstudio\system\CodeIgniter.php(400): CodeIgniter\CodeIgniter->runController(Object(App\Controllers\Manten))
#3 C:\xampp\htdocs\Dymstudio\system\CodeIgniter.php(308): CodeIgniter\CodeIgniter->handleRequest(NULL, Object(Config\Cache), false)
#4 C:\xampp\htdocs\Dymstudio\public\index.php(45): CodeIgniter\CodeIgniter->run()
#5 {main}
CRITICAL - 2021-02-21 12:07:32 --> Use of undefined constant flase - assumed 'flase' (this will throw an Error in a future version of PHP)
#0 C:\xampp\htdocs\Dymstudio\app\Controllers\Manten.php(119): CodeIgniter\Debug\Exceptions->errorHandler(2, 'Use of undefine...', 'C:\\xampp\\htdocs...', 119, Array)
#1 C:\xampp\htdocs\Dymstudio\system\CodeIgniter.php(914): App\Controllers\Manten->clientesedit()
#2 C:\xampp\htdocs\Dymstudio\system\CodeIgniter.php(400): CodeIgniter\CodeIgniter->runController(Object(App\Controllers\Manten))
#3 C:\xampp\htdocs\Dymstudio\system\CodeIgniter.php(308): CodeIgniter\CodeIgniter->handleRequest(NULL, Object(Config\Cache), false)
#4 C:\xampp\htdocs\Dymstudio\public\index.php(45): CodeIgniter\CodeIgniter->run()
#5 {main}
CRITICAL - 2021-02-21 12:39:12 --> syntax error, unexpected '?>'
#0 C:\xampp\htdocs\Dymstudio\system\Common.php(1087): CodeIgniter\View\View->render('Admin/mantenimi...', Array, true)
#1 C:\xampp\htdocs\Dymstudio\app\Controllers\Manten.php(20): view('Admin/mantenimi...', Array)
#2 C:\xampp\htdocs\Dymstudio\app\Controllers\Manten.php(115): App\Controllers\Manten->loadViews('mantenimientos/...', Array)
#3 C:\xampp\htdocs\Dymstudio\system\CodeIgniter.php(914): App\Controllers\Manten->clientes()
#4 C:\xampp\htdocs\Dymstudio\system\CodeIgniter.php(400): CodeIgniter\CodeIgniter->runController(Object(App\Controllers\Manten))
#5 C:\xampp\htdocs\Dymstudio\system\CodeIgniter.php(308): CodeIgniter\CodeIgniter->handleRequest(NULL, Object(Config\Cache), false)
#6 C:\xampp\htdocs\Dymstudio\public\index.php(45): CodeIgniter\CodeIgniter->run()
#7 {main}
CRITICAL - 2021-02-21 14:43:39 --> Invalid file: {0}
#0 C:\xampp\htdocs\Dymstudio\system\View\View.php(228): CodeIgniter\Exceptions\FrameworkException::forInvalidFile('Admin/clientes/...')
#1 C:\xampp\htdocs\Dymstudio\system\Common.php(1087): CodeIgniter\View\View->render('Admin/clientes/...', Array, true)
#2 C:\xampp\htdocs\Dymstudio\app\Controllers\Manten.php(20): view('Admin/clientes/...', Array)
#3 C:\xampp\htdocs\Dymstudio\app\Controllers\Manten.php(133): App\Controllers\Manten->loadViews('clientes/client...', Array)
#4 C:\xampp\htdocs\Dymstudio\system\CodeIgniter.php(914): App\Controllers\Manten->clientesedit('1')
#5 C:\xampp\htdocs\Dymstudio\system\CodeIgniter.php(400): CodeIgniter\CodeIgniter->runController(Object(App\Controllers\Manten))
#6 C:\xampp\htdocs\Dymstudio\system\CodeIgniter.php(308): CodeIgniter\CodeIgniter->handleRequest(NULL, Object(Config\Cache), false)
#7 C:\xampp\htdocs\Dymstudio\public\index.php(45): CodeIgniter\CodeIgniter->run()
#8 {main}
CRITICAL - 2021-02-21 14:44:11 --> Invalid file: {0}
#0 C:\xampp\htdocs\Dymstudio\system\View\View.php(228): CodeIgniter\Exceptions\FrameworkException::forInvalidFile('Admin/clientes/...')
#1 C:\xampp\htdocs\Dymstudio\system\Common.php(1087): CodeIgniter\View\View->render('Admin/clientes/...', Array, true)
#2 C:\xampp\htdocs\Dymstudio\app\Controllers\Manten.php(20): view('Admin/clientes/...', Array)
#3 C:\xampp\htdocs\Dymstudio\app\Controllers\Manten.php(133): App\Controllers\Manten->loadViews('clientes/ver_cl...', Array)
#4 C:\xampp\htdocs\Dymstudio\system\CodeIgniter.php(914): App\Controllers\Manten->clientesedit('1')
#5 C:\xampp\htdocs\Dymstudio\system\CodeIgniter.php(400): CodeIgniter\CodeIgniter->runController(Object(App\Controllers\Manten))
#6 C:\xampp\htdocs\Dymstudio\system\CodeIgniter.php(308): CodeIgniter\CodeIgniter->handleRequest(NULL, Object(Config\Cache), false)
#7 C:\xampp\htdocs\Dymstudio\public\index.php(45): CodeIgniter\CodeIgniter->run()
#8 {main}
CRITICAL - 2021-02-21 15:16:24 --> Call to undefined function url_is()
#0 C:\xampp\htdocs\Dymstudio\system\View\View.php(246): include()
#1 C:\xampp\htdocs\Dymstudio\system\Common.php(1087): CodeIgniter\View\View->render('Admin/layout/he...', Array, true)
#2 C:\xampp\htdocs\Dymstudio\app\Controllers\Manten.php(19): view('Admin/layout/he...', Array)
#3 C:\xampp\htdocs\Dymstudio\app\Controllers\Manten.php(115): App\Controllers\Manten->loadViews('mantenimientos/...', Array)
#4 C:\xampp\htdocs\Dymstudio\system\CodeIgniter.php(914): App\Controllers\Manten->clientes()
#5 C:\xampp\htdocs\Dymstudio\system\CodeIgniter.php(400): CodeIgniter\CodeIgniter->runController(Object(App\Controllers\Manten))
#6 C:\xampp\htdocs\Dymstudio\system\CodeIgniter.php(308): CodeIgniter\CodeIgniter->handleRequest(NULL, Object(Config\Cache), false)
#7 C:\xampp\htdocs\Dymstudio\public\index.php(45): CodeIgniter\CodeIgniter->run()
#8 {main}
CRITICAL - 2021-02-21 15:17:10 --> Call to undefined function url_is()
#0 C:\xampp\htdocs\Dymstudio\system\View\View.php(246): include()
#1 C:\xampp\htdocs\Dymstudio\system\Common.php(1087): CodeIgniter\View\View->render('Admin/layout/he...', Array, true)
#2 C:\xampp\htdocs\Dymstudio\app\Controllers\Manten.php(20): view('Admin/layout/he...', Array)
#3 C:\xampp\htdocs\Dymstudio\app\Controllers\Manten.php(116): App\Controllers\Manten->loadViews('mantenimientos/...', Array)
#4 C:\xampp\htdocs\Dymstudio\system\CodeIgniter.php(914): App\Controllers\Manten->clientes()
#5 C:\xampp\htdocs\Dymstudio\system\CodeIgniter.php(400): CodeIgniter\CodeIgniter->runController(Object(App\Controllers\Manten))
#6 C:\xampp\htdocs\Dymstudio\system\CodeIgniter.php(308): CodeIgniter\CodeIgniter->handleRequest(NULL, Object(Config\Cache), false)
#7 C:\xampp\htdocs\Dymstudio\public\index.php(45): CodeIgniter\CodeIgniter->run()
#8 {main}
CRITICAL - 2021-02-21 15:49:18 --> Undefined variable: segmento
#0 C:\xampp\htdocs\Dymstudio\app\Views\Admin\layout\header.php(100): CodeIgniter\Debug\Exceptions->errorHandler(8, 'Undefined varia...', 'C:\\xampp\\htdocs...', 100, Array)
#1 C:\xampp\htdocs\Dymstudio\system\View\View.php(246): include('C:\\xampp\\htdocs...')
#2 C:\xampp\htdocs\Dymstudio\system\Common.php(1087): CodeIgniter\View\View->render('Admin/layout/he...', Array, true)
#3 C:\xampp\htdocs\Dymstudio\app\Controllers\Manten.php(20): view('Admin/layout/he...', Array)
#4 C:\xampp\htdocs\Dymstudio\app\Controllers\Manten.php(120): App\Controllers\Manten->loadViews('mantenimientos/...', Array)
#5 C:\xampp\htdocs\Dymstudio\system\CodeIgniter.php(914): App\Controllers\Manten->clientes()
#6 C:\xampp\htdocs\Dymstudio\system\CodeIgniter.php(400): CodeIgniter\CodeIgniter->runController(Object(App\Controllers\Manten))
#7 C:\xampp\htdocs\Dymstudio\system\CodeIgniter.php(308): CodeIgniter\CodeIgniter->handleRequest(NULL, Object(Config\Cache), false)
#8 C:\xampp\htdocs\Dymstudio\public\index.php(45): CodeIgniter\CodeIgniter->run()
#9 {main}
CRITICAL - 2021-02-21 15:49:45 --> Undefined variable: segment
#0 C:\xampp\htdocs\Dymstudio\app\Views\Admin\layout\header.php(100): CodeIgniter\Debug\Exceptions->errorHandler(8, 'Undefined varia...', 'C:\\xampp\\htdocs...', 100, Array)
#1 C:\xampp\htdocs\Dymstudio\system\View\View.php(246): include('C:\\xampp\\htdocs...')
#2 C:\xampp\htdocs\Dymstudio\system\Common.php(1087): CodeIgniter\View\View->render('Admin/layout/he...', Array, true)
#3 C:\xampp\htdocs\Dymstudio\app\Controllers\Manten.php(20): view('Admin/layout/he...', Array)
#4 C:\xampp\htdocs\Dymstudio\app\Controllers\Manten.php(138): App\Controllers\Manten->loadViews('mantenimientos/...', Array)
#5 C:\xampp\htdocs\Dymstudio\system\CodeIgniter.php(914): App\Controllers\Manten->clientesedit('1')
#6 C:\xampp\htdocs\Dymstudio\system\CodeIgniter.php(400): CodeIgniter\CodeIgniter->runController(Object(App\Controllers\Manten))
#7 C:\xampp\htdocs\Dymstudio\system\CodeIgniter.php(308): CodeIgniter\CodeIgniter->handleRequest(NULL, Object(Config\Cache), false)
#8 C:\xampp\htdocs\Dymstudio\public\index.php(45): CodeIgniter\CodeIgniter->run()
#9 {main}
CRITICAL - 2021-02-21 15:50:30 --> Undefined variable: segment
#0 C:\xampp\htdocs\Dymstudio\app\Views\Admin\layout\header.php(100): CodeIgniter\Debug\Exceptions->errorHandler(8, 'Undefined varia...', 'C:\\xampp\\htdocs...', 100, Array)
#1 C:\xampp\htdocs\Dymstudio\app\Views\Admin\register.php(8): include_once('C:\\xampp\\htdocs...')
#2 C:\xampp\htdocs\Dymstudio\system\View\View.php(246): include('C:\\xampp\\htdocs...')
#3 C:\xampp\htdocs\Dymstudio\system\Common.php(1087): CodeIgniter\View\View->render('Admin/register', Array, true)
#4 C:\xampp\htdocs\Dymstudio\app\Controllers\Users.php(44): view('Admin/register', Array)
#5 C:\xampp\htdocs\Dymstudio\system\CodeIgniter.php(914): App\Controllers\Users->register()
#6 C:\xampp\htdocs\Dymstudio\system\CodeIgniter.php(400): CodeIgniter\CodeIgniter->runController(Object(App\Controllers\Users))
#7 C:\xampp\htdocs\Dymstudio\system\CodeIgniter.php(308): CodeIgniter\CodeIgniter->handleRequest(NULL, Object(Config\Cache), false)
#8 C:\xampp\htdocs\Dymstudio\public\index.php(45): CodeIgniter\CodeIgniter->run()
#9 {main}
CRITICAL - 2021-02-21 16:36:08 --> Undefined variable: segment
#0 C:\xampp\htdocs\Dymstudio\app\Views\Admin\layout\header.php(72): CodeIgniter\Debug\Exceptions->errorHandler(8, 'Undefined varia...', 'C:\\xampp\\htdocs...', 72, Array)
#1 C:\xampp\htdocs\Dymstudio\app\Views\Admin\profile.php(10): include_once('C:\\xampp\\htdocs...')
#2 C:\xampp\htdocs\Dymstudio\system\View\View.php(246): include('C:\\xampp\\htdocs...')
#3 C:\xampp\htdocs\Dymstudio\system\Common.php(1087): CodeIgniter\View\View->render('Admin/profile', Array, true)
#4 C:\xampp\htdocs\Dymstudio\app\Controllers\Users.php(136): view('Admin/profile', Array)
#5 C:\xampp\htdocs\Dymstudio\system\CodeIgniter.php(914): App\Controllers\Users->profile()
#6 C:\xampp\htdocs\Dymstudio\system\CodeIgniter.php(400): CodeIgniter\CodeIgniter->runController(Object(App\Controllers\Users))
#7 C:\xampp\htdocs\Dymstudio\system\CodeIgniter.php(308): CodeIgniter\CodeIgniter->handleRequest(NULL, Object(Config\Cache), false)
#8 C:\xampp\htdocs\Dymstudio\public\index.php(45): CodeIgniter\CodeIgniter->run()
#9 {main}
CRITICAL - 2021-02-21 18:36:51 --> Undefined variable: cliente
#0 C:\xampp\htdocs\Dymstudio\app\Views\Admin\mantenimientos\clientes\create_cliente.php(35): CodeIgniter\Debug\Exceptions->errorHandler(8, 'Undefined varia...', 'C:\\xampp\\htdocs...', 35, Array)
#1 C:\xampp\htdocs\Dymstudio\system\View\View.php(246): include('C:\\xampp\\htdocs...')
#2 C:\xampp\htdocs\Dymstudio\system\Common.php(1087): CodeIgniter\View\View->render('Admin/mantenimi...', Array, true)
#3 C:\xampp\htdocs\Dymstudio\app\Controllers\Manten.php(21): view('Admin/mantenimi...', Array)
#4 C:\xampp\htdocs\Dymstudio\app\Controllers\Manten.php(136): App\Controllers\Manten->loadViews('mantenimientos/...', Array)
#5 C:\xampp\htdocs\Dymstudio\system\CodeIgniter.php(914): App\Controllers\Manten->clientesecreate()
#6 C:\xampp\htdocs\Dymstudio\system\CodeIgniter.php(400): CodeIgniter\CodeIgniter->runController(Object(App\Controllers\Manten))
#7 C:\xampp\htdocs\Dymstudio\system\CodeIgniter.php(308): CodeIgniter\CodeIgniter->handleRequest(NULL, Object(Config\Cache), false)
#8 C:\xampp\htdocs\Dymstudio\public\index.php(45): CodeIgniter\CodeIgniter->run()
#9 {main}
CRITICAL - 2021-02-21 19:07:24 --> There is no data to {0}.
#0 C:\xampp\htdocs\Dymstudio\system\Model.php(809): CodeIgniter\Database\Exceptions\DataException::forEmptyDataset('update')
#1 C:\xampp\htdocs\Dymstudio\app\Controllers\Manten.php(181): CodeIgniter\Model->update(Array)
#2 C:\xampp\htdocs\Dymstudio\system\CodeIgniter.php(914): App\Controllers\Manten->clientesstore()
#3 C:\xampp\htdocs\Dymstudio\system\CodeIgniter.php(400): CodeIgniter\CodeIgniter->runController(Object(App\Controllers\Manten))
#4 C:\xampp\htdocs\Dymstudio\system\CodeIgniter.php(308): CodeIgniter\CodeIgniter->handleRequest(NULL, Object(Config\Cache), false)
#5 C:\xampp\htdocs\Dymstudio\public\index.php(45): CodeIgniter\CodeIgniter->run()
#6 {main}
CRITICAL - 2021-02-21 22:28:44 --> Undefined variable: trabakos
#0 C:\xampp\htdocs\Dymstudio\app\Views\index.php(223): CodeIgniter\Debug\Exceptions->errorHandler(8, 'Undefined varia...', 'C:\\xampp\\htdocs...', 223, Array)
#1 C:\xampp\htdocs\Dymstudio\system\View\View.php(246): include('C:\\xampp\\htdocs...')
#2 C:\xampp\htdocs\Dymstudio\system\Common.php(1087): CodeIgniter\View\View->render('index', Array, true)
#3 C:\xampp\htdocs\Dymstudio\app\Controllers\Home.php(23): view('index', Array)
#4 C:\xampp\htdocs\Dymstudio\system\CodeIgniter.php(914): App\Controllers\Home->index()
#5 C:\xampp\htdocs\Dymstudio\system\CodeIgniter.php(400): CodeIgniter\CodeIgniter->runController(Object(App\Controllers\Home))
#6 C:\xampp\htdocs\Dymstudio\system\CodeIgniter.php(308): CodeIgniter\CodeIgniter->handleRequest(NULL, Object(Config\Cache), false)
#7 C:\xampp\htdocs\Dymstudio\public\index.php(45): CodeIgniter\CodeIgniter->run()
#8 {main}
CRITICAL - 2021-02-21 22:29:00 --> Undefined variable: trabajos
#0 C:\xampp\htdocs\Dymstudio\app\Views\index.php(223): CodeIgniter\Debug\Exceptions->errorHandler(8, 'Undefined varia...', 'C:\\xampp\\htdocs...', 223, Array)
#1 C:\xampp\htdocs\Dymstudio\system\View\View.php(246): include('C:\\xampp\\htdocs...')
#2 C:\xampp\htdocs\Dymstudio\system\Common.php(1087): CodeIgniter\View\View->render('index', Array, true)
#3 C:\xampp\htdocs\Dymstudio\app\Controllers\Home.php(23): view('index', Array)
#4 C:\xampp\htdocs\Dymstudio\system\CodeIgniter.php(914): App\Controllers\Home->index()
#5 C:\xampp\htdocs\Dymstudio\system\CodeIgniter.php(400): CodeIgniter\CodeIgniter->runController(Object(App\Controllers\Home))
#6 C:\xampp\htdocs\Dymstudio\system\CodeIgniter.php(308): CodeIgniter\CodeIgniter->handleRequest(NULL, Object(Config\Cache), false)
#7 C:\xampp\htdocs\Dymstudio\public\index.php(45): CodeIgniter\CodeIgniter->run()
#8 {main}
