CRITICAL - 2021-08-06 10:30:30 --> Object of class stdClass could not be converted to string
#0 C:\xampp\htdocs\Dymstudio\system\View\View.php(246): include()
#1 C:\xampp\htdocs\Dymstudio\system\Common.php(1087): CodeIgniter\View\View->render('Blog/show', Array, true)
#2 C:\xampp\htdocs\Dymstudio\app\Controllers\Blog.php(40): view('Blog/show', Array)
#3 C:\xampp\htdocs\Dymstudio\app\Controllers\Blog.php(102): App\Controllers\Blog->loadViewsBlog('show', Array)
#4 C:\xampp\htdocs\Dymstudio\system\CodeIgniter.php(914): App\Controllers\Blog->post('prueba-2')
#5 C:\xampp\htdocs\Dymstudio\system\CodeIgniter.php(400): CodeIgniter\CodeIgniter->runController(Object(App\Controllers\Blog))
#6 C:\xampp\htdocs\Dymstudio\system\CodeIgniter.php(308): CodeIgniter\CodeIgniter->handleRequest(NULL, Object(Config\Cache), false)
#7 C:\xampp\htdocs\Dymstudio\public\index.php(45): CodeIgniter\CodeIgniter->run()
#8 {main}
CRITICAL - 2021-08-06 10:30:47 --> Array to string conversion
#0 C:\xampp\htdocs\Dymstudio\app\Views\Blog\show.php(17): CodeIgniter\Debug\Exceptions->errorHandler(8, 'Array to string...', 'C:\\xampp\\htdocs...', 17, Array)
#1 C:\xampp\htdocs\Dymstudio\system\View\View.php(246): include('C:\\xampp\\htdocs...')
#2 C:\xampp\htdocs\Dymstudio\system\Common.php(1087): CodeIgniter\View\View->render('Blog/show', Array, true)
#3 C:\xampp\htdocs\Dymstudio\app\Controllers\Blog.php(40): view('Blog/show', Array)
#4 C:\xampp\htdocs\Dymstudio\app\Controllers\Blog.php(102): App\Controllers\Blog->loadViewsBlog('show', Array)
#5 C:\xampp\htdocs\Dymstudio\system\CodeIgniter.php(914): App\Controllers\Blog->post('prueba-2')
#6 C:\xampp\htdocs\Dymstudio\system\CodeIgniter.php(400): CodeIgniter\CodeIgniter->runController(Object(App\Controllers\Blog))
#7 C:\xampp\htdocs\Dymstudio\system\CodeIgniter.php(308): CodeIgniter\CodeIgniter->handleRequest(NULL, Object(Config\Cache), false)
#8 C:\xampp\htdocs\Dymstudio\public\index.php(45): CodeIgniter\CodeIgniter->run()
#9 {main}
CRITICAL - 2021-08-06 10:31:43 --> Attempt to modify property 'tags' of non-object
#0 C:\xampp\htdocs\Dymstudio\app\Views\Blog\show.php(17): CodeIgniter\Debug\Exceptions->errorHandler(2, 'Attempt to modi...', 'C:\\xampp\\htdocs...', 17, Array)
#1 C:\xampp\htdocs\Dymstudio\system\View\View.php(246): include('C:\\xampp\\htdocs...')
#2 C:\xampp\htdocs\Dymstudio\system\Common.php(1087): CodeIgniter\View\View->render('Blog/show', Array, true)
#3 C:\xampp\htdocs\Dymstudio\app\Controllers\Blog.php(40): view('Blog/show', Array)
#4 C:\xampp\htdocs\Dymstudio\app\Controllers\Blog.php(102): App\Controllers\Blog->loadViewsBlog('show', Array)
#5 C:\xampp\htdocs\Dymstudio\system\CodeIgniter.php(914): App\Controllers\Blog->post('prueba-2')
#6 C:\xampp\htdocs\Dymstudio\system\CodeIgniter.php(400): CodeIgniter\CodeIgniter->runController(Object(App\Controllers\Blog))
#7 C:\xampp\htdocs\Dymstudio\system\CodeIgniter.php(308): CodeIgniter\CodeIgniter->handleRequest(NULL, Object(Config\Cache), false)
#8 C:\xampp\htdocs\Dymstudio\public\index.php(45): CodeIgniter\CodeIgniter->run()
#9 {main}
CRITICAL - 2021-08-06 10:31:56 --> Object of class stdClass could not be converted to string
#0 C:\xampp\htdocs\Dymstudio\system\View\View.php(246): include()
#1 C:\xampp\htdocs\Dymstudio\system\Common.php(1087): CodeIgniter\View\View->render('Blog/show', Array, true)
#2 C:\xampp\htdocs\Dymstudio\app\Controllers\Blog.php(40): view('Blog/show', Array)
#3 C:\xampp\htdocs\Dymstudio\app\Controllers\Blog.php(102): App\Controllers\Blog->loadViewsBlog('show', Array)
#4 C:\xampp\htdocs\Dymstudio\system\CodeIgniter.php(914): App\Controllers\Blog->post('prueba-2')
#5 C:\xampp\htdocs\Dymstudio\system\CodeIgniter.php(400): CodeIgniter\CodeIgniter->runController(Object(App\Controllers\Blog))
#6 C:\xampp\htdocs\Dymstudio\system\CodeIgniter.php(308): CodeIgniter\CodeIgniter->handleRequest(NULL, Object(Config\Cache), false)
#7 C:\xampp\htdocs\Dymstudio\public\index.php(45): CodeIgniter\CodeIgniter->run()
#8 {main}
CRITICAL - 2021-08-06 11:56:26 --> end() expects parameter 1 to be array, string given
#0 [internal function]: CodeIgniter\Debug\Exceptions->errorHandler(2, 'end() expects p...', 'C:\\xampp\\htdocs...', 19, Array)
#1 C:\xampp\htdocs\Dymstudio\app\Views\Blog\show.php(19): end('Etiqueta 4')
#2 C:\xampp\htdocs\Dymstudio\system\View\View.php(246): include('C:\\xampp\\htdocs...')
#3 C:\xampp\htdocs\Dymstudio\system\Common.php(1087): CodeIgniter\View\View->render('Blog/show', Array, true)
#4 C:\xampp\htdocs\Dymstudio\app\Controllers\Blog.php(40): view('Blog/show', Array)
#5 C:\xampp\htdocs\Dymstudio\app\Controllers\Blog.php(102): App\Controllers\Blog->loadViewsBlog('show', Array)
#6 C:\xampp\htdocs\Dymstudio\system\CodeIgniter.php(914): App\Controllers\Blog->post('prueba-2')
#7 C:\xampp\htdocs\Dymstudio\system\CodeIgniter.php(400): CodeIgniter\CodeIgniter->runController(Object(App\Controllers\Blog))
#8 C:\xampp\htdocs\Dymstudio\system\CodeIgniter.php(308): CodeIgniter\CodeIgniter->handleRequest(NULL, Object(Config\Cache), false)
#9 C:\xampp\htdocs\Dymstudio\public\index.php(45): CodeIgniter\CodeIgniter->run()
#10 {main}
CRITICAL - 2021-08-06 11:58:01 --> Object of class stdClass could not be converted to string
#0 C:\xampp\htdocs\Dymstudio\system\View\View.php(246): include()
#1 C:\xampp\htdocs\Dymstudio\system\Common.php(1087): CodeIgniter\View\View->render('Blog/show', Array, true)
#2 C:\xampp\htdocs\Dymstudio\app\Controllers\Blog.php(40): view('Blog/show', Array)
#3 C:\xampp\htdocs\Dymstudio\app\Controllers\Blog.php(102): App\Controllers\Blog->loadViewsBlog('show', Array)
#4 C:\xampp\htdocs\Dymstudio\system\CodeIgniter.php(914): App\Controllers\Blog->post('prueba-2')
#5 C:\xampp\htdocs\Dymstudio\system\CodeIgniter.php(400): CodeIgniter\CodeIgniter->runController(Object(App\Controllers\Blog))
#6 C:\xampp\htdocs\Dymstudio\system\CodeIgniter.php(308): CodeIgniter\CodeIgniter->handleRequest(NULL, Object(Config\Cache), false)
#7 C:\xampp\htdocs\Dymstudio\public\index.php(45): CodeIgniter\CodeIgniter->run()
#8 {main}
CRITICAL - 2021-08-06 12:38:10 --> Undefined property: stdClass::$post_id
#0 C:\xampp\htdocs\Dymstudio\app\Controllers\Blog.php(93): CodeIgniter\Debug\Exceptions->errorHandler(8, 'Undefined prope...', 'C:\\xampp\\htdocs...', 93, Array)
#1 C:\xampp\htdocs\Dymstudio\system\CodeIgniter.php(914): App\Controllers\Blog->right_sidebar()
#2 C:\xampp\htdocs\Dymstudio\system\CodeIgniter.php(400): CodeIgniter\CodeIgniter->runController(Object(App\Controllers\Blog))
#3 C:\xampp\htdocs\Dymstudio\system\CodeIgniter.php(308): CodeIgniter\CodeIgniter->handleRequest(NULL, Object(Config\Cache), false)
#4 C:\xampp\htdocs\Dymstudio\public\index.php(45): CodeIgniter\CodeIgniter->run()
#5 {main}
CRITICAL - 2021-08-06 12:44:21 --> Undefined property: App\Controllers\Blog::$postsmodel
#0 C:\xampp\htdocs\Dymstudio\app\Controllers\Blog.php(88): CodeIgniter\Debug\Exceptions->errorHandler(8, 'Undefined prope...', 'C:\\xampp\\htdocs...', 88, Array)
#1 C:\xampp\htdocs\Dymstudio\system\CodeIgniter.php(914): App\Controllers\Blog->right_sidebar()
#2 C:\xampp\htdocs\Dymstudio\system\CodeIgniter.php(400): CodeIgniter\CodeIgniter->runController(Object(App\Controllers\Blog))
#3 C:\xampp\htdocs\Dymstudio\system\CodeIgniter.php(308): CodeIgniter\CodeIgniter->handleRequest(NULL, Object(Config\Cache), false)
#4 C:\xampp\htdocs\Dymstudio\public\index.php(45): CodeIgniter\CodeIgniter->run()
#5 {main}
CRITICAL - 2021-08-06 12:44:35 --> Unknown column 'estatus' in 'where clause'
#0 C:\xampp\htdocs\Dymstudio\system\Database\MySQLi\Connection.php(331): mysqli->query('SELECT *\nFROM `...')
#1 C:\xampp\htdocs\Dymstudio\system\Database\BaseConnection.php(738): CodeIgniter\Database\MySQLi\Connection->execute('SELECT *\nFROM `...')
#2 C:\xampp\htdocs\Dymstudio\system\Database\BaseConnection.php(666): CodeIgniter\Database\BaseConnection->simpleQuery('SELECT *\nFROM `...')
#3 C:\xampp\htdocs\Dymstudio\system\Database\BaseBuilder.php(1845): CodeIgniter\Database\BaseConnection->query('SELECT *\nFROM `...', Array, false)
#4 C:\xampp\htdocs\Dymstudio\system\Model.php(387): CodeIgniter\Database\BaseBuilder->get()
#5 C:\xampp\htdocs\Dymstudio\app\Controllers\Blog.php(88): CodeIgniter\Model->find()
#6 C:\xampp\htdocs\Dymstudio\system\CodeIgniter.php(914): App\Controllers\Blog->right_sidebar()
#7 C:\xampp\htdocs\Dymstudio\system\CodeIgniter.php(400): CodeIgniter\CodeIgniter->runController(Object(App\Controllers\Blog))
#8 C:\xampp\htdocs\Dymstudio\system\CodeIgniter.php(308): CodeIgniter\CodeIgniter->handleRequest(NULL, Object(Config\Cache), false)
#9 C:\xampp\htdocs\Dymstudio\public\index.php(45): CodeIgniter\CodeIgniter->run()
#10 {main}
CRITICAL - 2021-08-06 16:18:43 --> Too few arguments to function App\Models\CustomModel::get_count_user(), 0 passed in C:\xampp\htdocs\Dymstudio\app\Controllers\Blog.php on line 78 and exactly 1 expected
#0 C:\xampp\htdocs\Dymstudio\app\Controllers\Blog.php(78): App\Models\CustomModel->get_count_user()
#1 C:\xampp\htdocs\Dymstudio\system\CodeIgniter.php(914): App\Controllers\Blog->user('1')
#2 C:\xampp\htdocs\Dymstudio\system\CodeIgniter.php(400): CodeIgniter\CodeIgniter->runController(Object(App\Controllers\Blog))
#3 C:\xampp\htdocs\Dymstudio\system\CodeIgniter.php(308): CodeIgniter\CodeIgniter->handleRequest(NULL, Object(Config\Cache), false)
#4 C:\xampp\htdocs\Dymstudio\public\index.php(45): CodeIgniter\CodeIgniter->run()
#5 {main}
CRITICAL - 2021-08-06 22:13:17 --> include_once(en/layout/head.php): failed to open stream: No such file or directory
#0 C:\xampp\htdocs\Dymstudio\app\Views\en\index.php(11): CodeIgniter\Debug\Exceptions->errorHandler(2, 'include_once(en...', 'C:\\xampp\\htdocs...', 11, Array)
#1 C:\xampp\htdocs\Dymstudio\app\Views\en\index.php(11): include_once()
#2 C:\xampp\htdocs\Dymstudio\system\View\View.php(246): include('C:\\xampp\\htdocs...')
#3 C:\xampp\htdocs\Dymstudio\system\Common.php(1087): CodeIgniter\View\View->render('en/index', Array, true)
#4 C:\xampp\htdocs\Dymstudio\app\Controllers\Home.php(39): view('en/index', Array)
#5 C:\xampp\htdocs\Dymstudio\system\CodeIgniter.php(914): App\Controllers\Home->index()
#6 C:\xampp\htdocs\Dymstudio\system\CodeIgniter.php(400): CodeIgniter\CodeIgniter->runController(Object(App\Controllers\Home))
#7 C:\xampp\htdocs\Dymstudio\system\CodeIgniter.php(308): CodeIgniter\CodeIgniter->handleRequest(NULL, Object(Config\Cache), false)
#8 C:\xampp\htdocs\Dymstudio\public\index.php(45): CodeIgniter\CodeIgniter->run()
#9 {main}
