CRITICAL - 2021-06-01 21:03:32 --> Class 'App\Controllers\CustomMode' not found
#0 C:\xampp\htdocs\Dymstudio\system\CodeIgniter.php(886): App\Controllers\Blog->__construct()
#1 C:\xampp\htdocs\Dymstudio\system\CodeIgniter.php(395): CodeIgniter\CodeIgniter->createController()
#2 C:\xampp\htdocs\Dymstudio\system\CodeIgniter.php(308): CodeIgniter\CodeIgniter->handleRequest(NULL, Object(Config\Cache), false)
#3 C:\xampp\htdocs\Dymstudio\public\index.php(45): CodeIgniter\CodeIgniter->run()
#4 {main}
CRITICAL - 2021-06-01 21:11:34 --> include_once(../layout/head.php): failed to open stream: No such file or directory
#0 C:\xampp\htdocs\Dymstudio\app\Views\Blog\index.php(11): CodeIgniter\Debug\Exceptions->errorHandler(2, 'include_once(.....', 'C:\\xampp\\htdocs...', 11, Array)
#1 C:\xampp\htdocs\Dymstudio\app\Views\Blog\index.php(11): include_once()
#2 C:\xampp\htdocs\Dymstudio\system\View\View.php(246): include('C:\\xampp\\htdocs...')
#3 C:\xampp\htdocs\Dymstudio\system\Common.php(1087): CodeIgniter\View\View->render('Blog/index', Array, true)
#4 C:\xampp\htdocs\Dymstudio\app\Controllers\Blog.php(20): view('Blog/index')
#5 C:\xampp\htdocs\Dymstudio\system\CodeIgniter.php(914): App\Controllers\Blog->index()
#6 C:\xampp\htdocs\Dymstudio\system\CodeIgniter.php(400): CodeIgniter\CodeIgniter->runController(Object(App\Controllers\Blog))
#7 C:\xampp\htdocs\Dymstudio\system\CodeIgniter.php(308): CodeIgniter\CodeIgniter->handleRequest(NULL, Object(Config\Cache), false)
#8 C:\xampp\htdocs\Dymstudio\public\index.php(45): CodeIgniter\CodeIgniter->run()
#9 {main}
CRITICAL - 2021-06-01 21:12:14 --> include_once(layout/head.php): failed to open stream: No such file or directory
#0 C:\xampp\htdocs\Dymstudio\app\Views\Blog\index.php(11): CodeIgniter\Debug\Exceptions->errorHandler(2, 'include_once(la...', 'C:\\xampp\\htdocs...', 11, Array)
#1 C:\xampp\htdocs\Dymstudio\app\Views\Blog\index.php(11): include_once()
#2 C:\xampp\htdocs\Dymstudio\system\View\View.php(246): include('C:\\xampp\\htdocs...')
#3 C:\xampp\htdocs\Dymstudio\system\Common.php(1087): CodeIgniter\View\View->render('Blog/index', Array, true)
#4 C:\xampp\htdocs\Dymstudio\app\Controllers\Blog.php(20): view('Blog/index')
#5 C:\xampp\htdocs\Dymstudio\system\CodeIgniter.php(914): App\Controllers\Blog->index()
#6 C:\xampp\htdocs\Dymstudio\system\CodeIgniter.php(400): CodeIgniter\CodeIgniter->runController(Object(App\Controllers\Blog))
#7 C:\xampp\htdocs\Dymstudio\system\CodeIgniter.php(308): CodeIgniter\CodeIgniter->handleRequest(NULL, Object(Config\Cache), false)
#8 C:\xampp\htdocs\Dymstudio\public\index.php(45): CodeIgniter\CodeIgniter->run()
#9 {main}
CRITICAL - 2021-06-01 21:18:28 --> Unknown column 'posts.deleted_at' in 'where clause'
#0 C:\xampp\htdocs\Dymstudio\system\Database\MySQLi\Connection.php(331): mysqli->query('SELECT *\nFROM `...')
#1 C:\xampp\htdocs\Dymstudio\system\Database\BaseConnection.php(738): CodeIgniter\Database\MySQLi\Connection->execute('SELECT *\nFROM `...')
#2 C:\xampp\htdocs\Dymstudio\system\Database\BaseConnection.php(666): CodeIgniter\Database\BaseConnection->simpleQuery('SELECT *\nFROM `...')
#3 C:\xampp\htdocs\Dymstudio\system\Database\BaseBuilder.php(1845): CodeIgniter\Database\BaseConnection->query('SELECT *\nFROM `...', Array, false)
#4 C:\xampp\htdocs\Dymstudio\system\Model.php(445): CodeIgniter\Database\BaseBuilder->get()
#5 C:\xampp\htdocs\Dymstudio\app\Controllers\Blog.php(30): CodeIgniter\Model->findAll()
#6 C:\xampp\htdocs\Dymstudio\system\CodeIgniter.php(914): App\Controllers\Blog->index()
#7 C:\xampp\htdocs\Dymstudio\system\CodeIgniter.php(400): CodeIgniter\CodeIgniter->runController(Object(App\Controllers\Blog))
#8 C:\xampp\htdocs\Dymstudio\system\CodeIgniter.php(308): CodeIgniter\CodeIgniter->handleRequest(NULL, Object(Config\Cache), false)
#9 C:\xampp\htdocs\Dymstudio\public\index.php(45): CodeIgniter\CodeIgniter->run()
#10 {main}
CRITICAL - 2021-06-01 21:18:47 --> Unknown column 'posts.deleted_at' in 'where clause'
#0 C:\xampp\htdocs\Dymstudio\system\Database\MySQLi\Connection.php(331): mysqli->query('SELECT *\nFROM `...')
#1 C:\xampp\htdocs\Dymstudio\system\Database\BaseConnection.php(738): CodeIgniter\Database\MySQLi\Connection->execute('SELECT *\nFROM `...')
#2 C:\xampp\htdocs\Dymstudio\system\Database\BaseConnection.php(666): CodeIgniter\Database\BaseConnection->simpleQuery('SELECT *\nFROM `...')
#3 C:\xampp\htdocs\Dymstudio\system\Database\BaseBuilder.php(1845): CodeIgniter\Database\BaseConnection->query('SELECT *\nFROM `...', Array, false)
#4 C:\xampp\htdocs\Dymstudio\system\Model.php(445): CodeIgniter\Database\BaseBuilder->get()
#5 C:\xampp\htdocs\Dymstudio\app\Controllers\Blog.php(30): CodeIgniter\Model->findAll()
#6 C:\xampp\htdocs\Dymstudio\system\CodeIgniter.php(914): App\Controllers\Blog->index()
#7 C:\xampp\htdocs\Dymstudio\system\CodeIgniter.php(400): CodeIgniter\CodeIgniter->runController(Object(App\Controllers\Blog))
#8 C:\xampp\htdocs\Dymstudio\system\CodeIgniter.php(308): CodeIgniter\CodeIgniter->handleRequest(NULL, Object(Config\Cache), false)
#9 C:\xampp\htdocs\Dymstudio\public\index.php(45): CodeIgniter\CodeIgniter->run()
#10 {main}
CRITICAL - 2021-06-01 21:18:50 --> Unknown column 'posts.deleted_at' in 'where clause'
#0 C:\xampp\htdocs\Dymstudio\system\Database\MySQLi\Connection.php(331): mysqli->query('SELECT *\nFROM `...')
#1 C:\xampp\htdocs\Dymstudio\system\Database\BaseConnection.php(738): CodeIgniter\Database\MySQLi\Connection->execute('SELECT *\nFROM `...')
#2 C:\xampp\htdocs\Dymstudio\system\Database\BaseConnection.php(666): CodeIgniter\Database\BaseConnection->simpleQuery('SELECT *\nFROM `...')
#3 C:\xampp\htdocs\Dymstudio\system\Database\BaseBuilder.php(1845): CodeIgniter\Database\BaseConnection->query('SELECT *\nFROM `...', Array, false)
#4 C:\xampp\htdocs\Dymstudio\system\Model.php(445): CodeIgniter\Database\BaseBuilder->get()
#5 C:\xampp\htdocs\Dymstudio\app\Controllers\Blog.php(30): CodeIgniter\Model->findAll()
#6 C:\xampp\htdocs\Dymstudio\system\CodeIgniter.php(914): App\Controllers\Blog->index()
#7 C:\xampp\htdocs\Dymstudio\system\CodeIgniter.php(400): CodeIgniter\CodeIgniter->runController(Object(App\Controllers\Blog))
#8 C:\xampp\htdocs\Dymstudio\system\CodeIgniter.php(308): CodeIgniter\CodeIgniter->handleRequest(NULL, Object(Config\Cache), false)
#9 C:\xampp\htdocs\Dymstudio\public\index.php(45): CodeIgniter\CodeIgniter->run()
#10 {main}
CRITICAL - 2021-06-01 21:21:23 --> include_once(layout/head.php): failed to open stream: No such file or directory
#0 C:\xampp\htdocs\Dymstudio\app\Views\Blog\index.php(11): CodeIgniter\Debug\Exceptions->errorHandler(2, 'include_once(la...', 'C:\\xampp\\htdocs...', 11, Array)
#1 C:\xampp\htdocs\Dymstudio\app\Views\Blog\index.php(11): include_once()
#2 C:\xampp\htdocs\Dymstudio\system\View\View.php(246): include('C:\\xampp\\htdocs...')
#3 C:\xampp\htdocs\Dymstudio\system\Common.php(1087): CodeIgniter\View\View->render('Blog/index', Array, true)
#4 C:\xampp\htdocs\Dymstudio\app\Controllers\Blog.php(23): view('Blog/index', Array)
#5 C:\xampp\htdocs\Dymstudio\app\Controllers\Blog.php(31): App\Controllers\Blog->loadViews('index', Array)
#6 C:\xampp\htdocs\Dymstudio\system\CodeIgniter.php(914): App\Controllers\Blog->index()
#7 C:\xampp\htdocs\Dymstudio\system\CodeIgniter.php(400): CodeIgniter\CodeIgniter->runController(Object(App\Controllers\Blog))
#8 C:\xampp\htdocs\Dymstudio\system\CodeIgniter.php(308): CodeIgniter\CodeIgniter->handleRequest(NULL, Object(Config\Cache), false)
#9 C:\xampp\htdocs\Dymstudio\public\index.php(45): CodeIgniter\CodeIgniter->run()
#10 {main}
CRITICAL - 2021-06-01 21:24:37 --> Undefined property: App\Controllers\Blog::$mantenmodel
#0 C:\xampp\htdocs\Dymstudio\app\Controllers\Blog.php(31): CodeIgniter\Debug\Exceptions->errorHandler(8, 'Undefined prope...', 'C:\\xampp\\htdocs...', 31, Array)
#1 C:\xampp\htdocs\Dymstudio\system\CodeIgniter.php(914): App\Controllers\Blog->index()
#2 C:\xampp\htdocs\Dymstudio\system\CodeIgniter.php(400): CodeIgniter\CodeIgniter->runController(Object(App\Controllers\Blog))
#3 C:\xampp\htdocs\Dymstudio\system\CodeIgniter.php(308): CodeIgniter\CodeIgniter->handleRequest(NULL, Object(Config\Cache), false)
#4 C:\xampp\htdocs\Dymstudio\public\index.php(45): CodeIgniter\CodeIgniter->run()
#5 {main}
CRITICAL - 2021-06-01 21:30:58 --> include_once(/layout/head.php): failed to open stream: No such file or directory
#0 C:\xampp\htdocs\Dymstudio\app\Views\Blog\index.php(11): CodeIgniter\Debug\Exceptions->errorHandler(2, 'include_once(/l...', 'C:\\xampp\\htdocs...', 11, Array)
#1 C:\xampp\htdocs\Dymstudio\app\Views\Blog\index.php(11): include_once()
#2 C:\xampp\htdocs\Dymstudio\system\View\View.php(246): include('C:\\xampp\\htdocs...')
#3 C:\xampp\htdocs\Dymstudio\system\Common.php(1087): CodeIgniter\View\View->render('Blog/index', Array, true)
#4 C:\xampp\htdocs\Dymstudio\app\Controllers\Blog.php(36): view('Blog/index', Array)
#5 C:\xampp\htdocs\Dymstudio\system\CodeIgniter.php(914): App\Controllers\Blog->index()
#6 C:\xampp\htdocs\Dymstudio\system\CodeIgniter.php(400): CodeIgniter\CodeIgniter->runController(Object(App\Controllers\Blog))
#7 C:\xampp\htdocs\Dymstudio\system\CodeIgniter.php(308): CodeIgniter\CodeIgniter->handleRequest(NULL, Object(Config\Cache), false)
#8 C:\xampp\htdocs\Dymstudio\public\index.php(45): CodeIgniter\CodeIgniter->run()
#9 {main}
CRITICAL - 2021-06-01 21:31:16 --> include_once(\\LAYOUT\HEAD.PHP): failed to open stream: No such file or directory
#0 C:\xampp\htdocs\Dymstudio\app\Views\Blog\index.php(11): CodeIgniter\Debug\Exceptions->errorHandler(2, 'include_once(\\\\...', 'C:\\xampp\\htdocs...', 11, Array)
#1 C:\xampp\htdocs\Dymstudio\app\Views\Blog\index.php(11): include_once()
#2 C:\xampp\htdocs\Dymstudio\system\View\View.php(246): include('C:\\xampp\\htdocs...')
#3 C:\xampp\htdocs\Dymstudio\system\Common.php(1087): CodeIgniter\View\View->render('Blog/index', Array, true)
#4 C:\xampp\htdocs\Dymstudio\app\Controllers\Blog.php(36): view('Blog/index', Array)
#5 C:\xampp\htdocs\Dymstudio\system\CodeIgniter.php(914): App\Controllers\Blog->index()
#6 C:\xampp\htdocs\Dymstudio\system\CodeIgniter.php(400): CodeIgniter\CodeIgniter->runController(Object(App\Controllers\Blog))
#7 C:\xampp\htdocs\Dymstudio\system\CodeIgniter.php(308): CodeIgniter\CodeIgniter->handleRequest(NULL, Object(Config\Cache), false)
#8 C:\xampp\htdocs\Dymstudio\public\index.php(45): CodeIgniter\CodeIgniter->run()
#9 {main}
CRITICAL - 2021-06-01 21:31:27 --> include_once(///layout/head.php): failed to open stream: No such file or directory
#0 C:\xampp\htdocs\Dymstudio\app\Views\Blog\index.php(11): CodeIgniter\Debug\Exceptions->errorHandler(2, 'include_once(//...', 'C:\\xampp\\htdocs...', 11, Array)
#1 C:\xampp\htdocs\Dymstudio\app\Views\Blog\index.php(11): include_once()
#2 C:\xampp\htdocs\Dymstudio\system\View\View.php(246): include('C:\\xampp\\htdocs...')
#3 C:\xampp\htdocs\Dymstudio\system\Common.php(1087): CodeIgniter\View\View->render('Blog/index', Array, true)
#4 C:\xampp\htdocs\Dymstudio\app\Controllers\Blog.php(36): view('Blog/index', Array)
#5 C:\xampp\htdocs\Dymstudio\system\CodeIgniter.php(914): App\Controllers\Blog->index()
#6 C:\xampp\htdocs\Dymstudio\system\CodeIgniter.php(400): CodeIgniter\CodeIgniter->runController(Object(App\Controllers\Blog))
#7 C:\xampp\htdocs\Dymstudio\system\CodeIgniter.php(308): CodeIgniter\CodeIgniter->handleRequest(NULL, Object(Config\Cache), false)
#8 C:\xampp\htdocs\Dymstudio\public\index.php(45): CodeIgniter\CodeIgniter->run()
#9 {main}
CRITICAL - 2021-06-01 21:31:45 --> include_once(..//layout/head.php): failed to open stream: No such file or directory
#0 C:\xampp\htdocs\Dymstudio\app\Views\Blog\index.php(11): CodeIgniter\Debug\Exceptions->errorHandler(2, 'include_once(.....', 'C:\\xampp\\htdocs...', 11, Array)
#1 C:\xampp\htdocs\Dymstudio\app\Views\Blog\index.php(11): include_once()
#2 C:\xampp\htdocs\Dymstudio\system\View\View.php(246): include('C:\\xampp\\htdocs...')
#3 C:\xampp\htdocs\Dymstudio\system\Common.php(1087): CodeIgniter\View\View->render('Blog/index', Array, true)
#4 C:\xampp\htdocs\Dymstudio\app\Controllers\Blog.php(36): view('Blog/index', Array)
#5 C:\xampp\htdocs\Dymstudio\system\CodeIgniter.php(914): App\Controllers\Blog->index()
#6 C:\xampp\htdocs\Dymstudio\system\CodeIgniter.php(400): CodeIgniter\CodeIgniter->runController(Object(App\Controllers\Blog))
#7 C:\xampp\htdocs\Dymstudio\system\CodeIgniter.php(308): CodeIgniter\CodeIgniter->handleRequest(NULL, Object(Config\Cache), false)
#8 C:\xampp\htdocs\Dymstudio\public\index.php(45): CodeIgniter\CodeIgniter->run()
#9 {main}
CRITICAL - 2021-06-01 21:31:46 --> include_once(..//layout/head.php): failed to open stream: No such file or directory
#0 C:\xampp\htdocs\Dymstudio\app\Views\Blog\index.php(11): CodeIgniter\Debug\Exceptions->errorHandler(2, 'include_once(.....', 'C:\\xampp\\htdocs...', 11, Array)
#1 C:\xampp\htdocs\Dymstudio\app\Views\Blog\index.php(11): include_once()
#2 C:\xampp\htdocs\Dymstudio\system\View\View.php(246): include('C:\\xampp\\htdocs...')
#3 C:\xampp\htdocs\Dymstudio\system\Common.php(1087): CodeIgniter\View\View->render('Blog/index', Array, true)
#4 C:\xampp\htdocs\Dymstudio\app\Controllers\Blog.php(36): view('Blog/index', Array)
#5 C:\xampp\htdocs\Dymstudio\system\CodeIgniter.php(914): App\Controllers\Blog->index()
#6 C:\xampp\htdocs\Dymstudio\system\CodeIgniter.php(400): CodeIgniter\CodeIgniter->runController(Object(App\Controllers\Blog))
#7 C:\xampp\htdocs\Dymstudio\system\CodeIgniter.php(308): CodeIgniter\CodeIgniter->handleRequest(NULL, Object(Config\Cache), false)
#8 C:\xampp\htdocs\Dymstudio\public\index.php(45): CodeIgniter\CodeIgniter->run()
#9 {main}
CRITICAL - 2021-06-01 21:32:13 --> include_once(../../layout/head.php): failed to open stream: No such file or directory
#0 C:\xampp\htdocs\Dymstudio\app\Views\Blog\index.php(11): CodeIgniter\Debug\Exceptions->errorHandler(2, 'include_once(.....', 'C:\\xampp\\htdocs...', 11, Array)
#1 C:\xampp\htdocs\Dymstudio\app\Views\Blog\index.php(11): include_once()
#2 C:\xampp\htdocs\Dymstudio\system\View\View.php(246): include('C:\\xampp\\htdocs...')
#3 C:\xampp\htdocs\Dymstudio\system\Common.php(1087): CodeIgniter\View\View->render('Blog/index', Array, true)
#4 C:\xampp\htdocs\Dymstudio\app\Controllers\Blog.php(36): view('Blog/index', Array)
#5 C:\xampp\htdocs\Dymstudio\system\CodeIgniter.php(914): App\Controllers\Blog->index()
#6 C:\xampp\htdocs\Dymstudio\system\CodeIgniter.php(400): CodeIgniter\CodeIgniter->runController(Object(App\Controllers\Blog))
#7 C:\xampp\htdocs\Dymstudio\system\CodeIgniter.php(308): CodeIgniter\CodeIgniter->handleRequest(NULL, Object(Config\Cache), false)
#8 C:\xampp\htdocs\Dymstudio\public\index.php(45): CodeIgniter\CodeIgniter->run()
#9 {main}
CRITICAL - 2021-06-01 21:34:03 --> include_once(C:/xampp/htdocs/layout/head.php): failed to open stream: No such file or directory
#0 C:\xampp\htdocs\Dymstudio\app\Views\Blog\index.php(11): CodeIgniter\Debug\Exceptions->errorHandler(2, 'include_once(C:...', 'C:\\xampp\\htdocs...', 11, Array)
#1 C:\xampp\htdocs\Dymstudio\app\Views\Blog\index.php(11): include_once()
#2 C:\xampp\htdocs\Dymstudio\system\View\View.php(246): include('C:\\xampp\\htdocs...')
#3 C:\xampp\htdocs\Dymstudio\system\Common.php(1087): CodeIgniter\View\View->render('Blog/index', Array, true)
#4 C:\xampp\htdocs\Dymstudio\app\Controllers\Blog.php(36): view('Blog/index', Array)
#5 C:\xampp\htdocs\Dymstudio\system\CodeIgniter.php(914): App\Controllers\Blog->index()
#6 C:\xampp\htdocs\Dymstudio\system\CodeIgniter.php(400): CodeIgniter\CodeIgniter->runController(Object(App\Controllers\Blog))
#7 C:\xampp\htdocs\Dymstudio\system\CodeIgniter.php(308): CodeIgniter\CodeIgniter->handleRequest(NULL, Object(Config\Cache), false)
#8 C:\xampp\htdocs\Dymstudio\public\index.php(45): CodeIgniter\CodeIgniter->run()
#9 {main}
CRITICAL - 2021-06-01 21:35:27 --> include_once(): http:// wrapper is disabled in the server configuration by allow_url_include=0
#0 C:\xampp\htdocs\Dymstudio\app\Views\Blog\index.php(11): CodeIgniter\Debug\Exceptions->errorHandler(2, 'include_once():...', 'C:\\xampp\\htdocs...', 11, Array)
#1 C:\xampp\htdocs\Dymstudio\app\Views\Blog\index.php(11): include_once()
#2 C:\xampp\htdocs\Dymstudio\system\View\View.php(246): include('C:\\xampp\\htdocs...')
#3 C:\xampp\htdocs\Dymstudio\system\Common.php(1087): CodeIgniter\View\View->render('Blog/index', Array, true)
#4 C:\xampp\htdocs\Dymstudio\app\Controllers\Blog.php(36): view('Blog/index', Array)
#5 C:\xampp\htdocs\Dymstudio\system\CodeIgniter.php(914): App\Controllers\Blog->index()
#6 C:\xampp\htdocs\Dymstudio\system\CodeIgniter.php(400): CodeIgniter\CodeIgniter->runController(Object(App\Controllers\Blog))
#7 C:\xampp\htdocs\Dymstudio\system\CodeIgniter.php(308): CodeIgniter\CodeIgniter->handleRequest(NULL, Object(Config\Cache), false)
#8 C:\xampp\htdocs\Dymstudio\public\index.php(45): CodeIgniter\CodeIgniter->run()
#9 {main}
CRITICAL - 2021-06-01 21:36:06 --> include_once(): http:// wrapper is disabled in the server configuration by allow_url_include=0
#0 C:\xampp\htdocs\Dymstudio\app\Views\Blog\index.php(11): CodeIgniter\Debug\Exceptions->errorHandler(2, 'include_once():...', 'C:\\xampp\\htdocs...', 11, Array)
#1 C:\xampp\htdocs\Dymstudio\app\Views\Blog\index.php(11): include_once()
#2 C:\xampp\htdocs\Dymstudio\system\View\View.php(246): include('C:\\xampp\\htdocs...')
#3 C:\xampp\htdocs\Dymstudio\system\Common.php(1087): CodeIgniter\View\View->render('Blog/index', Array, true)
#4 C:\xampp\htdocs\Dymstudio\app\Controllers\Blog.php(36): view('Blog/index', Array)
#5 C:\xampp\htdocs\Dymstudio\system\CodeIgniter.php(914): App\Controllers\Blog->index()
#6 C:\xampp\htdocs\Dymstudio\system\CodeIgniter.php(400): CodeIgniter\CodeIgniter->runController(Object(App\Controllers\Blog))
#7 C:\xampp\htdocs\Dymstudio\system\CodeIgniter.php(308): CodeIgniter\CodeIgniter->handleRequest(NULL, Object(Config\Cache), false)
#8 C:\xampp\htdocs\Dymstudio\public\index.php(45): CodeIgniter\CodeIgniter->run()
#9 {main}
CRITICAL - 2021-06-01 21:37:46 --> include_once(../layout/header.php): failed to open stream: No such file or directory
#0 C:\xampp\htdocs\Dymstudio\app\Views\Blog\index.php(23): CodeIgniter\Debug\Exceptions->errorHandler(2, 'include_once(.....', 'C:\\xampp\\htdocs...', 23, Array)
#1 C:\xampp\htdocs\Dymstudio\app\Views\Blog\index.php(23): include_once()
#2 C:\xampp\htdocs\Dymstudio\system\View\View.php(246): include('C:\\xampp\\htdocs...')
#3 C:\xampp\htdocs\Dymstudio\system\Common.php(1087): CodeIgniter\View\View->render('Blog/index', Array, true)
#4 C:\xampp\htdocs\Dymstudio\app\Controllers\Blog.php(36): view('Blog/index', Array)
#5 C:\xampp\htdocs\Dymstudio\system\CodeIgniter.php(914): App\Controllers\Blog->index()
#6 C:\xampp\htdocs\Dymstudio\system\CodeIgniter.php(400): CodeIgniter\CodeIgniter->runController(Object(App\Controllers\Blog))
#7 C:\xampp\htdocs\Dymstudio\system\CodeIgniter.php(308): CodeIgniter\CodeIgniter->handleRequest(NULL, Object(Config\Cache), false)
#8 C:\xampp\htdocs\Dymstudio\public\index.php(45): CodeIgniter\CodeIgniter->run()
#9 {main}
CRITICAL - 2021-06-01 21:39:32 --> include_once(../layout/principal.php): failed to open stream: No such file or directory
#0 C:\xampp\htdocs\Dymstudio\app\Views\Blog\index.php(31): CodeIgniter\Debug\Exceptions->errorHandler(2, 'include_once(.....', 'C:\\xampp\\htdocs...', 31, Array)
#1 C:\xampp\htdocs\Dymstudio\app\Views\Blog\index.php(31): include_once()
#2 C:\xampp\htdocs\Dymstudio\system\View\View.php(246): include('C:\\xampp\\htdocs...')
#3 C:\xampp\htdocs\Dymstudio\system\Common.php(1087): CodeIgniter\View\View->render('Blog/index', Array, true)
#4 C:\xampp\htdocs\Dymstudio\app\Controllers\Blog.php(36): view('Blog/index', Array)
#5 C:\xampp\htdocs\Dymstudio\system\CodeIgniter.php(914): App\Controllers\Blog->index()
#6 C:\xampp\htdocs\Dymstudio\system\CodeIgniter.php(400): CodeIgniter\CodeIgniter->runController(Object(App\Controllers\Blog))
#7 C:\xampp\htdocs\Dymstudio\system\CodeIgniter.php(308): CodeIgniter\CodeIgniter->handleRequest(NULL, Object(Config\Cache), false)
#8 C:\xampp\htdocs\Dymstudio\public\index.php(45): CodeIgniter\CodeIgniter->run()
#9 {main}
