CRITICAL - 2021-02-18 08:22:59 --> Undefined property: App\Controllers\Home::$usermodel
#0 C:\xampp\htdocs\Dymstudio\app\Controllers\Home.php(15): CodeIgniter\Debug\Exceptions->errorHandler(8, 'Undefined prope...', 'C:\\xampp\\htdocs...', 15, Array)
#1 C:\xampp\htdocs\Dymstudio\system\CodeIgniter.php(914): App\Controllers\Home->dashboard()
#2 C:\xampp\htdocs\Dymstudio\system\CodeIgniter.php(400): CodeIgniter\CodeIgniter->runController(Object(App\Controllers\Home))
#3 C:\xampp\htdocs\Dymstudio\system\CodeIgniter.php(308): CodeIgniter\CodeIgniter->handleRequest(NULL, Object(Config\Cache), false)
#4 C:\xampp\htdocs\Dymstudio\public\index.php(45): CodeIgniter\CodeIgniter->run()
#5 {main}
CRITICAL - 2021-02-18 21:58:57 --> Undefined variable: roles
#0 C:\xampp\htdocs\Dymstudio\app\Views\Admin\register.php(100): CodeIgniter\Debug\Exceptions->errorHandler(8, 'Undefined varia...', 'C:\\xampp\\htdocs...', 100, Array)
#1 C:\xampp\htdocs\Dymstudio\system\View\View.php(246): include('C:\\xampp\\htdocs...')
#2 C:\xampp\htdocs\Dymstudio\system\Common.php(1087): CodeIgniter\View\View->render('Admin/register', Array, true)
#3 C:\xampp\htdocs\Dymstudio\app\Controllers\Users.php(42): view('Admin/register', Array, Array)
#4 C:\xampp\htdocs\Dymstudio\system\CodeIgniter.php(914): App\Controllers\Users->register()
#5 C:\xampp\htdocs\Dymstudio\system\CodeIgniter.php(400): CodeIgniter\CodeIgniter->runController(Object(App\Controllers\Users))
#6 C:\xampp\htdocs\Dymstudio\system\CodeIgniter.php(308): CodeIgniter\CodeIgniter->handleRequest(NULL, Object(Config\Cache), false)
#7 C:\xampp\htdocs\Dymstudio\public\index.php(45): CodeIgniter\CodeIgniter->run()
#8 {main}
CRITICAL - 2021-02-18 22:01:13 --> Undefined variable: firstname
#0 C:\xampp\htdocs\Dymstudio\app\Views\Admin\layout\header.php(21): CodeIgniter\Debug\Exceptions->errorHandler(8, 'Undefined varia...', 'C:\\xampp\\htdocs...', 21, Array)
#1 C:\xampp\htdocs\Dymstudio\app\Views\Admin\register.php(8): include_once('C:\\xampp\\htdocs...')
#2 C:\xampp\htdocs\Dymstudio\system\View\View.php(246): include('C:\\xampp\\htdocs...')
#3 C:\xampp\htdocs\Dymstudio\system\Common.php(1087): CodeIgniter\View\View->render('Admin/register', Array, true)
#4 C:\xampp\htdocs\Dymstudio\app\Controllers\Users.php(42): view('Admin/register', Array)
#5 C:\xampp\htdocs\Dymstudio\system\CodeIgniter.php(914): App\Controllers\Users->register()
#6 C:\xampp\htdocs\Dymstudio\system\CodeIgniter.php(400): CodeIgniter\CodeIgniter->runController(Object(App\Controllers\Users))
#7 C:\xampp\htdocs\Dymstudio\system\CodeIgniter.php(308): CodeIgniter\CodeIgniter->handleRequest(NULL, Object(Config\Cache), false)
#8 C:\xampp\htdocs\Dymstudio\public\index.php(45): CodeIgniter\CodeIgniter->run()
#9 {main}
CRITICAL - 2021-02-18 22:02:02 --> Undefined variable: roles
#0 C:\xampp\htdocs\Dymstudio\app\Views\Admin\register.php(100): CodeIgniter\Debug\Exceptions->errorHandler(8, 'Undefined varia...', 'C:\\xampp\\htdocs...', 100, Array)
#1 C:\xampp\htdocs\Dymstudio\system\View\View.php(246): include('C:\\xampp\\htdocs...')
#2 C:\xampp\htdocs\Dymstudio\system\Common.php(1087): CodeIgniter\View\View->render('Admin/register', Array, true)
#3 C:\xampp\htdocs\Dymstudio\app\Controllers\Users.php(42): view('Admin/register', Array, Array)
#4 C:\xampp\htdocs\Dymstudio\system\CodeIgniter.php(914): App\Controllers\Users->register()
#5 C:\xampp\htdocs\Dymstudio\system\CodeIgniter.php(400): CodeIgniter\CodeIgniter->runController(Object(App\Controllers\Users))
#6 C:\xampp\htdocs\Dymstudio\system\CodeIgniter.php(308): CodeIgniter\CodeIgniter->handleRequest(NULL, Object(Config\Cache), false)
#7 C:\xampp\htdocs\Dymstudio\public\index.php(45): CodeIgniter\CodeIgniter->run()
#8 {main}
CRITICAL - 2021-02-18 22:04:55 --> Undefined variable: firstname
#0 C:\xampp\htdocs\Dymstudio\app\Views\Admin\layout\header.php(21): CodeIgniter\Debug\Exceptions->errorHandler(8, 'Undefined varia...', 'C:\\xampp\\htdocs...', 21, Array)
#1 C:\xampp\htdocs\Dymstudio\app\Views\Admin\register.php(8): include_once('C:\\xampp\\htdocs...')
#2 C:\xampp\htdocs\Dymstudio\system\View\View.php(246): include('C:\\xampp\\htdocs...')
#3 C:\xampp\htdocs\Dymstudio\system\Common.php(1087): CodeIgniter\View\View->render('Admin/register', Array, true)
#4 C:\xampp\htdocs\Dymstudio\app\Controllers\Users.php(42): view('Admin/register', Array)
#5 C:\xampp\htdocs\Dymstudio\system\CodeIgniter.php(914): App\Controllers\Users->register()
#6 C:\xampp\htdocs\Dymstudio\system\CodeIgniter.php(400): CodeIgniter\CodeIgniter->runController(Object(App\Controllers\Users))
#7 C:\xampp\htdocs\Dymstudio\system\CodeIgniter.php(308): CodeIgniter\CodeIgniter->handleRequest(NULL, Object(Config\Cache), false)
#8 C:\xampp\htdocs\Dymstudio\public\index.php(45): CodeIgniter\CodeIgniter->run()
#9 {main}
CRITICAL - 2021-02-18 22:05:38 --> Trying to get property 'firstname' of non-object
#0 C:\xampp\htdocs\Dymstudio\app\Views\Admin\layout\header.php(21): CodeIgniter\Debug\Exceptions->errorHandler(8, 'Trying to get p...', 'C:\\xampp\\htdocs...', 21, Array)
#1 C:\xampp\htdocs\Dymstudio\app\Views\Admin\register.php(8): include_once('C:\\xampp\\htdocs...')
#2 C:\xampp\htdocs\Dymstudio\system\View\View.php(246): include('C:\\xampp\\htdocs...')
#3 C:\xampp\htdocs\Dymstudio\system\Common.php(1087): CodeIgniter\View\View->render('Admin/register', Array, true)
#4 C:\xampp\htdocs\Dymstudio\app\Controllers\Users.php(42): view('Admin/register', Array)
#5 C:\xampp\htdocs\Dymstudio\system\CodeIgniter.php(914): App\Controllers\Users->register()
#6 C:\xampp\htdocs\Dymstudio\system\CodeIgniter.php(400): CodeIgniter\CodeIgniter->runController(Object(App\Controllers\Users))
#7 C:\xampp\htdocs\Dymstudio\system\CodeIgniter.php(308): CodeIgniter\CodeIgniter->handleRequest(NULL, Object(Config\Cache), false)
#8 C:\xampp\htdocs\Dymstudio\public\index.php(45): CodeIgniter\CodeIgniter->run()
#9 {main}
CRITICAL - 2021-02-18 22:05:56 --> Undefined variable: firstname
#0 C:\xampp\htdocs\Dymstudio\app\Views\Admin\layout\header.php(21): CodeIgniter\Debug\Exceptions->errorHandler(8, 'Undefined varia...', 'C:\\xampp\\htdocs...', 21, Array)
#1 C:\xampp\htdocs\Dymstudio\app\Views\Admin\register.php(8): include_once('C:\\xampp\\htdocs...')
#2 C:\xampp\htdocs\Dymstudio\system\View\View.php(246): include('C:\\xampp\\htdocs...')
#3 C:\xampp\htdocs\Dymstudio\system\Common.php(1087): CodeIgniter\View\View->render('Admin/register', Array, true)
#4 C:\xampp\htdocs\Dymstudio\app\Controllers\Users.php(42): view('Admin/register', Array)
#5 C:\xampp\htdocs\Dymstudio\system\CodeIgniter.php(914): App\Controllers\Users->register()
#6 C:\xampp\htdocs\Dymstudio\system\CodeIgniter.php(400): CodeIgniter\CodeIgniter->runController(Object(App\Controllers\Users))
#7 C:\xampp\htdocs\Dymstudio\system\CodeIgniter.php(308): CodeIgniter\CodeIgniter->handleRequest(NULL, Object(Config\Cache), false)
#8 C:\xampp\htdocs\Dymstudio\public\index.php(45): CodeIgniter\CodeIgniter->run()
#9 {main}
CRITICAL - 2021-02-18 22:09:52 --> Undefined variable: lastname
#0 C:\xampp\htdocs\Dymstudio\app\Views\Admin\layout\header.php(21): CodeIgniter\Debug\Exceptions->errorHandler(8, 'Undefined varia...', 'C:\\xampp\\htdocs...', 21, Array)
#1 C:\xampp\htdocs\Dymstudio\app\Views\Admin\register.php(8): include_once('C:\\xampp\\htdocs...')
#2 C:\xampp\htdocs\Dymstudio\system\View\View.php(246): include('C:\\xampp\\htdocs...')
#3 C:\xampp\htdocs\Dymstudio\system\Common.php(1087): CodeIgniter\View\View->render('Admin/register', Array, true)
#4 C:\xampp\htdocs\Dymstudio\app\Controllers\Users.php(42): view('Admin/register', Array)
#5 C:\xampp\htdocs\Dymstudio\system\CodeIgniter.php(914): App\Controllers\Users->register()
#6 C:\xampp\htdocs\Dymstudio\system\CodeIgniter.php(400): CodeIgniter\CodeIgniter->runController(Object(App\Controllers\Users))
#7 C:\xampp\htdocs\Dymstudio\system\CodeIgniter.php(308): CodeIgniter\CodeIgniter->handleRequest(NULL, Object(Config\Cache), false)
#8 C:\xampp\htdocs\Dymstudio\public\index.php(45): CodeIgniter\CodeIgniter->run()
#9 {main}
CRITICAL - 2021-02-18 22:11:58 --> Undefined variable: role_id
#0 C:\xampp\htdocs\Dymstudio\app\Views\Admin\register.php(71): CodeIgniter\Debug\Exceptions->errorHandler(8, 'Undefined varia...', 'C:\\xampp\\htdocs...', 71, Array)
#1 C:\xampp\htdocs\Dymstudio\system\View\View.php(246): include('C:\\xampp\\htdocs...')
#2 C:\xampp\htdocs\Dymstudio\system\Common.php(1087): CodeIgniter\View\View->render('Admin/register', Array, true)
#3 C:\xampp\htdocs\Dymstudio\app\Controllers\Users.php(42): view('Admin/register', Array)
#4 C:\xampp\htdocs\Dymstudio\system\CodeIgniter.php(914): App\Controllers\Users->register()
#5 C:\xampp\htdocs\Dymstudio\system\CodeIgniter.php(400): CodeIgniter\CodeIgniter->runController(Object(App\Controllers\Users))
#6 C:\xampp\htdocs\Dymstudio\system\CodeIgniter.php(308): CodeIgniter\CodeIgniter->handleRequest(NULL, Object(Config\Cache), false)
#7 C:\xampp\htdocs\Dymstudio\public\index.php(45): CodeIgniter\CodeIgniter->run()
#8 {main}
CRITICAL - 2021-02-18 22:27:18 --> Trying to get property 'name' of non-object
#0 C:\xampp\htdocs\Dymstudio\app\Views\Admin\register.php(74): CodeIgniter\Debug\Exceptions->errorHandler(8, 'Trying to get p...', 'C:\\xampp\\htdocs...', 74, Array)
#1 C:\xampp\htdocs\Dymstudio\system\View\View.php(246): include('C:\\xampp\\htdocs...')
#2 C:\xampp\htdocs\Dymstudio\system\Common.php(1087): CodeIgniter\View\View->render('Admin/register', Array, true)
#3 C:\xampp\htdocs\Dymstudio\app\Controllers\Users.php(42): view('Admin/register', Array)
#4 C:\xampp\htdocs\Dymstudio\system\CodeIgniter.php(914): App\Controllers\Users->register()
#5 C:\xampp\htdocs\Dymstudio\system\CodeIgniter.php(400): CodeIgniter\CodeIgniter->runController(Object(App\Controllers\Users))
#6 C:\xampp\htdocs\Dymstudio\system\CodeIgniter.php(308): CodeIgniter\CodeIgniter->handleRequest(NULL, Object(Config\Cache), false)
#7 C:\xampp\htdocs\Dymstudio\public\index.php(45): CodeIgniter\CodeIgniter->run()
#8 {main}
CRITICAL - 2021-02-18 22:27:50 --> Cannot use object of type stdClass as array
#0 C:\xampp\htdocs\Dymstudio\system\View\View.php(246): include()
#1 C:\xampp\htdocs\Dymstudio\system\Common.php(1087): CodeIgniter\View\View->render('Admin/register', Array, true)
#2 C:\xampp\htdocs\Dymstudio\app\Controllers\Users.php(42): view('Admin/register', Array)
#3 C:\xampp\htdocs\Dymstudio\system\CodeIgniter.php(914): App\Controllers\Users->register()
#4 C:\xampp\htdocs\Dymstudio\system\CodeIgniter.php(400): CodeIgniter\CodeIgniter->runController(Object(App\Controllers\Users))
#5 C:\xampp\htdocs\Dymstudio\system\CodeIgniter.php(308): CodeIgniter\CodeIgniter->handleRequest(NULL, Object(Config\Cache), false)
#6 C:\xampp\htdocs\Dymstudio\public\index.php(45): CodeIgniter\CodeIgniter->run()
#7 {main}
CRITICAL - 2021-02-18 22:31:00 --> Cannot use object of type stdClass as array
#0 C:\xampp\htdocs\Dymstudio\app\Views\Admin\register.php(8): include_once()
#1 C:\xampp\htdocs\Dymstudio\system\View\View.php(246): include('C:\\xampp\\htdocs...')
#2 C:\xampp\htdocs\Dymstudio\system\Common.php(1087): CodeIgniter\View\View->render('Admin/register', Array, true)
#3 C:\xampp\htdocs\Dymstudio\app\Controllers\Users.php(42): view('Admin/register', Array)
#4 C:\xampp\htdocs\Dymstudio\system\CodeIgniter.php(914): App\Controllers\Users->register()
#5 C:\xampp\htdocs\Dymstudio\system\CodeIgniter.php(400): CodeIgniter\CodeIgniter->runController(Object(App\Controllers\Users))
#6 C:\xampp\htdocs\Dymstudio\system\CodeIgniter.php(308): CodeIgniter\CodeIgniter->handleRequest(NULL, Object(Config\Cache), false)
#7 C:\xampp\htdocs\Dymstudio\public\index.php(45): CodeIgniter\CodeIgniter->run()
#8 {main}
CRITICAL - 2021-02-18 22:32:38 --> Cannot use object of type stdClass as array
#0 C:\xampp\htdocs\Dymstudio\app\Views\Admin\register.php(8): include_once()
#1 C:\xampp\htdocs\Dymstudio\system\View\View.php(246): include('C:\\xampp\\htdocs...')
#2 C:\xampp\htdocs\Dymstudio\system\Common.php(1087): CodeIgniter\View\View->render('Admin/register', Array, true)
#3 C:\xampp\htdocs\Dymstudio\app\Controllers\Users.php(42): view('Admin/register', Array)
#4 C:\xampp\htdocs\Dymstudio\system\CodeIgniter.php(914): App\Controllers\Users->register()
#5 C:\xampp\htdocs\Dymstudio\system\CodeIgniter.php(400): CodeIgniter\CodeIgniter->runController(Object(App\Controllers\Users))
#6 C:\xampp\htdocs\Dymstudio\system\CodeIgniter.php(308): CodeIgniter\CodeIgniter->handleRequest(NULL, Object(Config\Cache), false)
#7 C:\xampp\htdocs\Dymstudio\public\index.php(45): CodeIgniter\CodeIgniter->run()
#8 {main}
