CRITICAL - 2021-06-13 11:30:22 --> Undefined property: App\Controllers\Blog::$usermodel
#0 C:\xampp\htdocs\Dymstudio\app\Controllers\Blog.php(46): CodeIgniter\Debug\Exceptions->errorHandler(8, 'Undefined prope...', 'C:\\xampp\\htdocs...', 46, Array)
#1 C:\xampp\htdocs\Dymstudio\system\CodeIgniter.php(914): App\Controllers\Blog->index()
#2 C:\xampp\htdocs\Dymstudio\system\CodeIgniter.php(400): CodeIgniter\CodeIgniter->runController(Object(App\Controllers\Blog))
#3 C:\xampp\htdocs\Dymstudio\system\CodeIgniter.php(308): CodeIgniter\CodeIgniter->handleRequest(NULL, Object(Config\Cache), false)
#4 C:\xampp\htdocs\Dymstudio\public\index.php(45): CodeIgniter\CodeIgniter->run()
#5 {main}
CRITICAL - 2021-06-13 11:31:45 --> Invalid file: {0}
#0 C:\xampp\htdocs\Dymstudio\system\View\View.php(228): CodeIgniter\Exceptions\FrameworkException::forInvalidFile('Blog/posts/inde...')
#1 C:\xampp\htdocs\Dymstudio\system\Common.php(1087): CodeIgniter\View\View->render('Blog/posts/inde...', Array, true)
#2 C:\xampp\htdocs\Dymstudio\app\Controllers\Blog.php(27): view('Blog/posts/inde...', Array)
#3 C:\xampp\htdocs\Dymstudio\app\Controllers\Blog.php(51): App\Controllers\Blog->loadViews('posts/index', Array)
#4 C:\xampp\htdocs\Dymstudio\system\CodeIgniter.php(914): App\Controllers\Blog->index()
#5 C:\xampp\htdocs\Dymstudio\system\CodeIgniter.php(400): CodeIgniter\CodeIgniter->runController(Object(App\Controllers\Blog))
#6 C:\xampp\htdocs\Dymstudio\system\CodeIgniter.php(308): CodeIgniter\CodeIgniter->handleRequest(NULL, Object(Config\Cache), false)
#7 C:\xampp\htdocs\Dymstudio\public\index.php(45): CodeIgniter\CodeIgniter->run()
#8 {main}
CRITICAL - 2021-06-13 11:32:09 --> Invalid file: {0}
#0 C:\xampp\htdocs\Dymstudio\system\View\View.php(228): CodeIgniter\Exceptions\FrameworkException::forInvalidFile('Blog/posts/inde...')
#1 C:\xampp\htdocs\Dymstudio\system\Common.php(1087): CodeIgniter\View\View->render('Blog/posts/inde...', Array, true)
#2 C:\xampp\htdocs\Dymstudio\app\Controllers\Blog.php(27): view('Blog/posts/inde...', Array)
#3 C:\xampp\htdocs\Dymstudio\app\Controllers\Blog.php(51): App\Controllers\Blog->loadViews('posts/index', Array)
#4 C:\xampp\htdocs\Dymstudio\system\CodeIgniter.php(914): App\Controllers\Blog->index()
#5 C:\xampp\htdocs\Dymstudio\system\CodeIgniter.php(400): CodeIgniter\CodeIgniter->runController(Object(App\Controllers\Blog))
#6 C:\xampp\htdocs\Dymstudio\system\CodeIgniter.php(308): CodeIgniter\CodeIgniter->handleRequest(NULL, Object(Config\Cache), false)
#7 C:\xampp\htdocs\Dymstudio\public\index.php(45): CodeIgniter\CodeIgniter->run()
#8 {main}
CRITICAL - 2021-06-13 11:33:50 --> Undefined variable: trabajos
#0 C:\xampp\htdocs\Dymstudio\app\Views\Admin\posts\index.php(45): CodeIgniter\Debug\Exceptions->errorHandler(8, 'Undefined varia...', 'C:\\xampp\\htdocs...', 45, Array)
#1 C:\xampp\htdocs\Dymstudio\system\View\View.php(246): include('C:\\xampp\\htdocs...')
#2 C:\xampp\htdocs\Dymstudio\system\Common.php(1087): CodeIgniter\View\View->render('Admin/posts/ind...', Array, true)
#3 C:\xampp\htdocs\Dymstudio\app\Controllers\Blog.php(35): view('Admin/posts/ind...', Array)
#4 C:\xampp\htdocs\Dymstudio\app\Controllers\Blog.php(59): App\Controllers\Blog->loadViewsDashboard('posts/index', Array)
#5 C:\xampp\htdocs\Dymstudio\system\CodeIgniter.php(914): App\Controllers\Blog->index()
#6 C:\xampp\htdocs\Dymstudio\system\CodeIgniter.php(400): CodeIgniter\CodeIgniter->runController(Object(App\Controllers\Blog))
#7 C:\xampp\htdocs\Dymstudio\system\CodeIgniter.php(308): CodeIgniter\CodeIgniter->handleRequest(NULL, Object(Config\Cache), false)
#8 C:\xampp\htdocs\Dymstudio\public\index.php(45): CodeIgniter\CodeIgniter->run()
#9 {main}
CRITICAL - 2021-06-13 12:54:40 --> Trying to get property 'role_id' of non-object
#0 C:\xampp\htdocs\Dymstudio\app\Controllers\Users.php(528): CodeIgniter\Debug\Exceptions->errorHandler(8, 'Trying to get p...', 'C:\\xampp\\htdocs...', 528, Array)
#1 C:\xampp\htdocs\Dymstudio\system\CodeIgniter.php(914): App\Controllers\Users->usersedit('3')
#2 C:\xampp\htdocs\Dymstudio\system\CodeIgniter.php(400): CodeIgniter\CodeIgniter->runController(Object(App\Controllers\Users))
#3 C:\xampp\htdocs\Dymstudio\system\CodeIgniter.php(308): CodeIgniter\CodeIgniter->handleRequest(NULL, Object(Config\Cache), false)
#4 C:\xampp\htdocs\Dymstudio\public\index.php(45): CodeIgniter\CodeIgniter->run()
#5 {main}
CRITICAL - 2021-06-13 19:40:38 --> {0} is not a valid rule.
#0 C:\xampp\htdocs\Dymstudio\system\Validation\Validation.php(302): CodeIgniter\Validation\Exceptions\ValidationException::forRuleNotFound('No es una image...')
#1 C:\xampp\htdocs\Dymstudio\system\Validation\Validation.php(189): CodeIgniter\Validation\Validation->processRules('errors', 'errors', NULL, Array, Array)
#2 C:\xampp\htdocs\Dymstudio\system\Controller.php(219): CodeIgniter\Validation\Validation->run()
#3 C:\xampp\htdocs\Dymstudio\app\Controllers\Clientes.php(195): CodeIgniter\Controller->validate(Array)
#4 C:\xampp\htdocs\Dymstudio\system\CodeIgniter.php(914): App\Controllers\Clientes->update('6')
#5 C:\xampp\htdocs\Dymstudio\system\CodeIgniter.php(400): CodeIgniter\CodeIgniter->runController(Object(App\Controllers\Clientes))
#6 C:\xampp\htdocs\Dymstudio\system\CodeIgniter.php(308): CodeIgniter\CodeIgniter->handleRequest(NULL, Object(Config\Cache), false)
#7 C:\xampp\htdocs\Dymstudio\public\index.php(45): CodeIgniter\CodeIgniter->run()
#8 {main}
CRITICAL - 2021-06-13 19:46:05 --> {0} is not a valid rule.
#0 C:\xampp\htdocs\Dymstudio\system\Validation\Validation.php(302): CodeIgniter\Validation\Exceptions\ValidationException::forRuleNotFound('No es una image...')
#1 C:\xampp\htdocs\Dymstudio\system\Validation\Validation.php(189): CodeIgniter\Validation\Validation->processRules('errors', 'errors', NULL, Array, Array)
#2 C:\xampp\htdocs\Dymstudio\system\Controller.php(219): CodeIgniter\Validation\Validation->run()
#3 C:\xampp\htdocs\Dymstudio\app\Controllers\Clientes.php(196): CodeIgniter\Controller->validate(Array)
#4 C:\xampp\htdocs\Dymstudio\system\CodeIgniter.php(914): App\Controllers\Clientes->update('6')
#5 C:\xampp\htdocs\Dymstudio\system\CodeIgniter.php(400): CodeIgniter\CodeIgniter->runController(Object(App\Controllers\Clientes))
#6 C:\xampp\htdocs\Dymstudio\system\CodeIgniter.php(308): CodeIgniter\CodeIgniter->handleRequest(NULL, Object(Config\Cache), false)
#7 C:\xampp\htdocs\Dymstudio\public\index.php(45): CodeIgniter\CodeIgniter->run()
#8 {main}
CRITICAL - 2021-06-13 19:47:26 --> {0} is not a valid rule.
#0 C:\xampp\htdocs\Dymstudio\system\Validation\Validation.php(302): CodeIgniter\Validation\Exceptions\ValidationException::forRuleNotFound('No es una image...')
#1 C:\xampp\htdocs\Dymstudio\system\Validation\Validation.php(189): CodeIgniter\Validation\Validation->processRules('errors', 'errors', NULL, Array, Array)
#2 C:\xampp\htdocs\Dymstudio\system\Controller.php(219): CodeIgniter\Validation\Validation->run()
#3 C:\xampp\htdocs\Dymstudio\app\Controllers\Clientes.php(196): CodeIgniter\Controller->validate(Array)
#4 C:\xampp\htdocs\Dymstudio\system\CodeIgniter.php(914): App\Controllers\Clientes->update('6')
#5 C:\xampp\htdocs\Dymstudio\system\CodeIgniter.php(400): CodeIgniter\CodeIgniter->runController(Object(App\Controllers\Clientes))
#6 C:\xampp\htdocs\Dymstudio\system\CodeIgniter.php(308): CodeIgniter\CodeIgniter->handleRequest(NULL, Object(Config\Cache), false)
#7 C:\xampp\htdocs\Dymstudio\public\index.php(45): CodeIgniter\CodeIgniter->run()
#8 {main}
